\BOOKMARK [1][-]{section*.3}{\376\377\004\022\004\062\004\065\004\064\004\065\004\075\004\070\004\065}{}% 1
\BOOKMARK [1][-]{section.0.1}{\376\377\004\036\004\061\004\067\004\076\004\100\000\040\004\077\004\100\004\065\004\064\004\074\004\065\004\102\004\075\004\076\004\071\000\040\004\076\004\061\004\073\004\060\004\101\004\102\004\070}{}% 2
\BOOKMARK [2][-]{subsection.0.1.1}{\376\377\004\037\004\076\004\101\004\102\004\060\004\075\004\076\004\062\004\072\004\060\000\040\004\067\004\060\004\064\004\060\004\107\004\070}{section.0.1}% 3
\BOOKMARK [2][-]{subsection.0.1.2}{\376\377\004\036\004\061\004\067\004\076\004\100\000\040\004\101\004\103\004\111\004\065\004\101\004\102\004\062\004\103\004\116\004\111\004\070\004\105\000\040\004\060\004\075\004\060\004\073\004\076\004\063\004\076\004\062}{section.0.1}% 4
\BOOKMARK [2][-]{subsection.0.1.3}{\376\377\004\034\004\103\004\067\004\113\004\072\004\060\004\073\004\114\004\075\004\113\004\071\000\040\004\060\004\073\004\114\004\061\004\076\004\074\000\040\000\050\004\077\004\103\004\061\004\073\004\070\004\072\004\060\004\106\004\070\004\117\000\051}{section.0.1}% 5
\BOOKMARK [2][-]{subsection.0.1.4}{\376\377\000A\000P\000I}{section.0.1}% 6
\BOOKMARK [1][-]{section.0.2}{\376\377\004\036\004\061\004\067\004\076\004\100\000\040\004\070\004\101\004\077\004\076\004\073\004\114\004\067\004\103\004\065\004\074\004\113\004\105\000\040\004\102\004\065\004\105\004\075\004\076\004\073\004\076\004\063\004\070\004\071}{}% 7
\BOOKMARK [2][-]{subsection.0.2.1}{\376\377\000R\000u\000b\000y\000\040\000o\000n\000\040\000R\000a\000i\000l\000s}{section.0.2}% 8
\BOOKMARK [2][-]{subsection.0.2.2}{\376\377\000A\000n\000g\000u\000l\000a\000r\000J\000S}{section.0.2}% 9
\BOOKMARK [2][-]{subsection.0.2.3}{\376\377\000B\000o\000o\000t\000s\000t\000r\000a\000p}{section.0.2}% 10
\BOOKMARK [1][-]{section.0.3}{\376\377\004\037\004\100\004\076\004\065\004\072\004\102\004\070\004\100\004\076\004\062\004\060\004\075\004\070\004\065\000\040\004\070\000\040\004\100\004\065\004\060\004\073\004\070\004\067\004\060\004\106\004\070\004\117}{}% 11
\BOOKMARK [2][-]{subsection.0.3.1}{\376\377\004\037\004\100\004\076\004\065\004\072\004\102\004\070\004\100\004\076\004\062\004\060\004\075\004\070\004\065\000\040\004\077\004\100\004\070\004\073\004\076\004\066\004\065\004\075\004\070\004\117}{section.0.3}% 12
\BOOKMARK [2][-]{subsection.0.3.2}{\376\377\004\042\004\100\004\121\004\105\004\103\004\100\004\076\004\062\004\075\004\065\004\062\004\060\004\117\000\040\004\060\004\100\004\105\004\070\004\102\004\065\004\072\004\103\004\102\004\100\004\060\000\040\004\077\004\100\004\070\004\073\004\076\004\066\004\065\004\075\004\070\004\117}{section.0.3}% 13
\BOOKMARK [1][-]{section.0.4}{\376\377\004\042\004\065\004\105\004\075\004\070\004\072\004\076\000-\004\115\004\072\004\076\004\075\004\076\004\074\004\070\004\107\004\065\004\101\004\072\004\076\004\065\000\040\004\076\004\061\004\076\004\101\004\075\004\076\004\062\004\060\004\075\004\070\004\065\000\040\004\115\004\104\004\104\004\065\004\072\004\102\004\070\004\062\004\075\004\076\004\101\004\102\004\070\000\040\004\101\004\065\004\100\004\062\004\070\004\101\004\060\000,\000\040\004\077\004\100\004\065\004\064\004\076\004\101\004\102\004\060\004\062\004\073\004\117\004\116\004\111\004\065\004\063\004\076\000\040\004\062\004\076\004\067\004\074\004\076\004\066\004\075\004\076\004\101\004\102\004\114\000\040\004\077\004\076\004\073\004\103\004\107\004\065\004\075\004\070\004\117\000\040\004\075\004\076\004\062\004\070\004\075\004\076\004\072\000\040\004\074\004\103\004\067\004\113\004\072\004\060\004\073\004\114\004\075\004\076\004\071\000\040\004\070\004\075\004\064\004\103\004\101\004\102\004\100\004\070\004\070}{}% 14
\BOOKMARK [2][-]{subsection.0.4.1}{\376\377\004\022\004\062\004\065\004\064\004\065\004\075\004\070\004\065\000\040\004\070\000\040\004\070\004\101\004\105\004\076\004\064\004\075\004\113\004\065\000\040\004\064\004\060\004\075\004\075\004\113\004\065}{section.0.4}% 15
\BOOKMARK [2][-]{subsection.0.4.2}{\376\377\004\040\004\060\004\101\004\107\004\065\004\102\000\040\004\101\004\074\004\065\004\102\004\113\000\040\004\067\004\060\004\102\004\100\004\060\004\102\000\040\004\070\000\040\004\106\004\065\004\075\004\113\000\040\004\077\004\100\004\076\004\063\004\100\004\060\004\074\004\074\004\075\004\076\004\063\004\076\000\040\004\077\004\100\004\076\004\064\004\103\004\072\004\102\004\060}{section.0.4}% 16
\BOOKMARK [2][-]{subsection.0.4.3}{\376\377\004\036\004\106\004\065\004\075\004\072\004\060\000\040\004\115\004\072\004\076\004\075\004\076\004\074\004\070\004\107\004\065\004\101\004\072\004\076\004\071\000\040\004\115\004\104\004\104\004\065\004\072\004\102\004\070\004\062\004\075\004\076\004\101\004\102\004\070\000\040\004\077\004\100\004\070\004\074\004\065\004\075\004\065\004\075\004\070\004\117\000\040\004\037\004\041\000\040\004\103\000\040\004\077\004\076\004\073\004\114\004\067\004\076\004\062\004\060\004\102\004\065\004\073\004\117}{section.0.4}% 17
\BOOKMARK [2][-]{subsection.0.4.4}{\376\377\004\040\004\060\004\101\004\107\004\065\004\102\000\040\004\115\004\072\004\076\004\075\004\076\004\074\004\070\004\107\004\065\004\101\004\072\004\076\004\063\004\076\000\040\004\115\004\104\004\104\004\065\004\072\004\102\004\060}{section.0.4}% 18
\BOOKMARK [2][-]{subsection.0.4.5}{\376\377\004\022\004\113\004\062\004\076\004\064\004\113\000\040\004\077\004\076\000\040\004\102\004\065\004\105\004\075\004\070\004\072\004\076\000-\004\115\004\072\004\076\004\075\004\076\004\074\004\070\004\107\004\065\004\101\004\072\004\076\004\074\004\103\000\040\004\076\004\061\004\076\004\101\004\075\004\076\004\062\004\060\004\075\004\070\004\116}{section.0.4}% 19
\BOOKMARK [1][-]{section*.6}{\376\377\004\027\004\060\004\072\004\073\004\116\004\107\004\065\004\075\004\070\004\065}{}% 20
\BOOKMARK [1][-]{section*.7}{\376\377\000C\004\077\004\070\004\101\004\076\004\072\000\040\004\070\004\101\004\077\004\076\004\073\004\114\004\067\004\076\004\062\004\060\004\075\004\075\004\113\004\105\000\040\004\070\004\101\004\102\004\076\004\107\004\075\004\070\004\072\004\076\004\062}{}% 21
