This is pdfTeX, Version 3.14159265-2.6-1.40.16 (TeX Live 2015/Debian) (preloaded format=pdflatex 2017.5.30)  12 JUN 2017 09:14
entering extended mode
 restricted \write18 enabled.
 %&-line parsing enabled.
**diploma_report.tex
(./diploma_report.tex
LaTeX2e <2015/01/01>
Babel <3.9l> and hyphenation patterns for 79 languages loaded.
(./preamble.tex (/usr/share/texlive/texmf-dist/tex/latex/extsizes/extreport.cls
Document Class: extreport 1996/10/08 v1.0 Non Standard LaTeX document class
(/usr/share/texlive/texmf-dist/tex/latex/extsizes/size14.clo
File: size14.clo 1999/11/11 v1.4a NON-Standard LaTeX file (size option)
)
(/usr/share/texlive/texmf-dist/tex/latex/base/exscale.sty
Package: exscale 2014/09/29 v2.1h Standard LaTeX package exscale
LaTeX Font Info:    Redeclaring symbol font `largesymbols' on input line 57.
LaTeX Font Info:    Overwriting symbol font `largesymbols' in version `normal'
(Font)                  OMX/cmex/m/n --> OMX/cmex/m/n on input line 57.
LaTeX Font Info:    Overwriting symbol font `largesymbols' in version `bold'
(Font)                  OMX/cmex/m/n --> OMX/cmex/m/n on input line 57.
\big@size=\dimen102
)
\c@part=\count79
\c@chapter=\count80
\c@section=\count81
\c@subsection=\count82
\c@subsubsection=\count83
\c@paragraph=\count84
\c@subparagraph=\count85
\c@figure=\count86
\c@table=\count87
\abovecaptionskip=\skip41
\belowcaptionskip=\skip42
\bibindent=\dimen103
) (./fonts_linux.tex
(/usr/share/texlive/texmf-dist/tex/latex/base/fontenc.sty
Package: fontenc 2005/09/27 v1.99g Standard LaTeX package

(/usr/share/texlive/texmf-dist/tex/latex/cyrillic/t2aenc.def
File: t2aenc.def 2005/09/27 v1.0i Cyrillic encoding definition file
)
LaTeX Font Info:    Try loading font information for T2A+cmr on input line 105.


(/usr/share/texlive/texmf-dist/tex/latex/cyrillic/t2acmr.fd
File: t2acmr.fd 2001/08/11 v1.0a Computer Modern Cyrillic font definitions
))
LaTeX Font Info:    Try loading font information for T2A+ftm on input line 13.

(/usr/share/texmf/tex/latex/scalable-cyrfonts-tex/t2aftm.fd
File: t2aftm.fd 2012/09/15 Fontinst v1.933 font definitions for T2A/ftm.
))
(/usr/share/texlive/texmf-dist/tex/latex/base/inputenc.sty
Package: inputenc 2015/03/17 v1.2c Input encoding file
\inpenc@prehook=\toks14
\inpenc@posthook=\toks15

(/usr/share/texlive/texmf-dist/tex/latex/base/utf8.def
File: utf8.def 2014/09/29 v1.1m UTF-8 support for inputenc
Now handling font encoding OML ...
... no UTF-8 mapping file for font encoding OML
Now handling font encoding T1 ...
... processing UTF-8 mapping file for font encoding T1

(/usr/share/texlive/texmf-dist/tex/latex/base/t1enc.dfu
File: t1enc.dfu 2014/09/29 v1.1m UTF-8 support for inputenc
   defining Unicode char U+00A1 (decimal 161)
   defining Unicode char U+00A3 (decimal 163)
   defining Unicode char U+00AB (decimal 171)
   defining Unicode char U+00BB (decimal 187)
   defining Unicode char U+00BF (decimal 191)
   defining Unicode char U+00C0 (decimal 192)
   defining Unicode char U+00C1 (decimal 193)
   defining Unicode char U+00C2 (decimal 194)
   defining Unicode char U+00C3 (decimal 195)
   defining Unicode char U+00C4 (decimal 196)
   defining Unicode char U+00C5 (decimal 197)
   defining Unicode char U+00C6 (decimal 198)
   defining Unicode char U+00C7 (decimal 199)
   defining Unicode char U+00C8 (decimal 200)
   defining Unicode char U+00C9 (decimal 201)
   defining Unicode char U+00CA (decimal 202)
   defining Unicode char U+00CB (decimal 203)
   defining Unicode char U+00CC (decimal 204)
   defining Unicode char U+00CD (decimal 205)
   defining Unicode char U+00CE (decimal 206)
   defining Unicode char U+00CF (decimal 207)
   defining Unicode char U+00D0 (decimal 208)
   defining Unicode char U+00D1 (decimal 209)
   defining Unicode char U+00D2 (decimal 210)
   defining Unicode char U+00D3 (decimal 211)
   defining Unicode char U+00D4 (decimal 212)
   defining Unicode char U+00D5 (decimal 213)
   defining Unicode char U+00D6 (decimal 214)
   defining Unicode char U+00D8 (decimal 216)
   defining Unicode char U+00D9 (decimal 217)
   defining Unicode char U+00DA (decimal 218)
   defining Unicode char U+00DB (decimal 219)
   defining Unicode char U+00DC (decimal 220)
   defining Unicode char U+00DD (decimal 221)
   defining Unicode char U+00DE (decimal 222)
   defining Unicode char U+00DF (decimal 223)
   defining Unicode char U+00E0 (decimal 224)
   defining Unicode char U+00E1 (decimal 225)
   defining Unicode char U+00E2 (decimal 226)
   defining Unicode char U+00E3 (decimal 227)
   defining Unicode char U+00E4 (decimal 228)
   defining Unicode char U+00E5 (decimal 229)
   defining Unicode char U+00E6 (decimal 230)
   defining Unicode char U+00E7 (decimal 231)
   defining Unicode char U+00E8 (decimal 232)
   defining Unicode char U+00E9 (decimal 233)
   defining Unicode char U+00EA (decimal 234)
   defining Unicode char U+00EB (decimal 235)
   defining Unicode char U+00EC (decimal 236)
   defining Unicode char U+00ED (decimal 237)
   defining Unicode char U+00EE (decimal 238)
   defining Unicode char U+00EF (decimal 239)
   defining Unicode char U+00F0 (decimal 240)
   defining Unicode char U+00F1 (decimal 241)
   defining Unicode char U+00F2 (decimal 242)
   defining Unicode char U+00F3 (decimal 243)
   defining Unicode char U+00F4 (decimal 244)
   defining Unicode char U+00F5 (decimal 245)
   defining Unicode char U+00F6 (decimal 246)
   defining Unicode char U+00F8 (decimal 248)
   defining Unicode char U+00F9 (decimal 249)
   defining Unicode char U+00FA (decimal 250)
   defining Unicode char U+00FB (decimal 251)
   defining Unicode char U+00FC (decimal 252)
   defining Unicode char U+00FD (decimal 253)
   defining Unicode char U+00FE (decimal 254)
   defining Unicode char U+00FF (decimal 255)
   defining Unicode char U+0102 (decimal 258)
   defining Unicode char U+0103 (decimal 259)
   defining Unicode char U+0104 (decimal 260)
   defining Unicode char U+0105 (decimal 261)
   defining Unicode char U+0106 (decimal 262)
   defining Unicode char U+0107 (decimal 263)
   defining Unicode char U+010C (decimal 268)
   defining Unicode char U+010D (decimal 269)
   defining Unicode char U+010E (decimal 270)
   defining Unicode char U+010F (decimal 271)
   defining Unicode char U+0110 (decimal 272)
   defining Unicode char U+0111 (decimal 273)
   defining Unicode char U+0118 (decimal 280)
   defining Unicode char U+0119 (decimal 281)
   defining Unicode char U+011A (decimal 282)
   defining Unicode char U+011B (decimal 283)
   defining Unicode char U+011E (decimal 286)
   defining Unicode char U+011F (decimal 287)
   defining Unicode char U+0130 (decimal 304)
   defining Unicode char U+0131 (decimal 305)
   defining Unicode char U+0132 (decimal 306)
   defining Unicode char U+0133 (decimal 307)
   defining Unicode char U+0139 (decimal 313)
   defining Unicode char U+013A (decimal 314)
   defining Unicode char U+013D (decimal 317)
   defining Unicode char U+013E (decimal 318)
   defining Unicode char U+0141 (decimal 321)
   defining Unicode char U+0142 (decimal 322)
   defining Unicode char U+0143 (decimal 323)
   defining Unicode char U+0144 (decimal 324)
   defining Unicode char U+0147 (decimal 327)
   defining Unicode char U+0148 (decimal 328)
   defining Unicode char U+014A (decimal 330)
   defining Unicode char U+014B (decimal 331)
   defining Unicode char U+0150 (decimal 336)
   defining Unicode char U+0151 (decimal 337)
   defining Unicode char U+0152 (decimal 338)
   defining Unicode char U+0153 (decimal 339)
   defining Unicode char U+0154 (decimal 340)
   defining Unicode char U+0155 (decimal 341)
   defining Unicode char U+0158 (decimal 344)
   defining Unicode char U+0159 (decimal 345)
   defining Unicode char U+015A (decimal 346)
   defining Unicode char U+015B (decimal 347)
   defining Unicode char U+015E (decimal 350)
   defining Unicode char U+015F (decimal 351)
   defining Unicode char U+0160 (decimal 352)
   defining Unicode char U+0161 (decimal 353)
   defining Unicode char U+0162 (decimal 354)
   defining Unicode char U+0163 (decimal 355)
   defining Unicode char U+0164 (decimal 356)
   defining Unicode char U+0165 (decimal 357)
   defining Unicode char U+016E (decimal 366)
   defining Unicode char U+016F (decimal 367)
   defining Unicode char U+0170 (decimal 368)
   defining Unicode char U+0171 (decimal 369)
   defining Unicode char U+0178 (decimal 376)
   defining Unicode char U+0179 (decimal 377)
   defining Unicode char U+017A (decimal 378)
   defining Unicode char U+017B (decimal 379)
   defining Unicode char U+017C (decimal 380)
   defining Unicode char U+017D (decimal 381)
   defining Unicode char U+017E (decimal 382)
   defining Unicode char U+200C (decimal 8204)
   defining Unicode char U+2013 (decimal 8211)
   defining Unicode char U+2014 (decimal 8212)
   defining Unicode char U+2018 (decimal 8216)
   defining Unicode char U+2019 (decimal 8217)
   defining Unicode char U+201A (decimal 8218)
   defining Unicode char U+201C (decimal 8220)
   defining Unicode char U+201D (decimal 8221)
   defining Unicode char U+201E (decimal 8222)
   defining Unicode char U+2030 (decimal 8240)
   defining Unicode char U+2031 (decimal 8241)
   defining Unicode char U+2039 (decimal 8249)
   defining Unicode char U+203A (decimal 8250)
   defining Unicode char U+2423 (decimal 9251)
)
Now handling font encoding OT1 ...
... processing UTF-8 mapping file for font encoding OT1

(/usr/share/texlive/texmf-dist/tex/latex/base/ot1enc.dfu
File: ot1enc.dfu 2014/09/29 v1.1m UTF-8 support for inputenc
   defining Unicode char U+00A1 (decimal 161)
   defining Unicode char U+00A3 (decimal 163)
   defining Unicode char U+00B8 (decimal 184)
   defining Unicode char U+00BF (decimal 191)
   defining Unicode char U+00C5 (decimal 197)
   defining Unicode char U+00C6 (decimal 198)
   defining Unicode char U+00D8 (decimal 216)
   defining Unicode char U+00DF (decimal 223)
   defining Unicode char U+00E6 (decimal 230)
   defining Unicode char U+00EC (decimal 236)
   defining Unicode char U+00ED (decimal 237)
   defining Unicode char U+00EE (decimal 238)
   defining Unicode char U+00EF (decimal 239)
   defining Unicode char U+00F8 (decimal 248)
   defining Unicode char U+0131 (decimal 305)
   defining Unicode char U+0141 (decimal 321)
   defining Unicode char U+0142 (decimal 322)
   defining Unicode char U+0152 (decimal 338)
   defining Unicode char U+0153 (decimal 339)
   defining Unicode char U+2013 (decimal 8211)
   defining Unicode char U+2014 (decimal 8212)
   defining Unicode char U+2018 (decimal 8216)
   defining Unicode char U+2019 (decimal 8217)
   defining Unicode char U+201C (decimal 8220)
   defining Unicode char U+201D (decimal 8221)
)
Now handling font encoding OMS ...
... processing UTF-8 mapping file for font encoding OMS

(/usr/share/texlive/texmf-dist/tex/latex/base/omsenc.dfu
File: omsenc.dfu 2014/09/29 v1.1m UTF-8 support for inputenc
   defining Unicode char U+00A7 (decimal 167)
   defining Unicode char U+00B6 (decimal 182)
   defining Unicode char U+00B7 (decimal 183)
   defining Unicode char U+2020 (decimal 8224)
   defining Unicode char U+2021 (decimal 8225)
   defining Unicode char U+2022 (decimal 8226)
)
Now handling font encoding OMX ...
... no UTF-8 mapping file for font encoding OMX
Now handling font encoding U ...
... no UTF-8 mapping file for font encoding U
Now handling font encoding T2A ...
... processing UTF-8 mapping file for font encoding T2A

(/usr/share/texlive/texmf-dist/tex/latex/base/t2aenc.dfu
File: t2aenc.dfu 2014/09/29 v1.1m UTF-8 support for inputenc
   defining Unicode char U+00A4 (decimal 164)
   defining Unicode char U+00A7 (decimal 167)
   defining Unicode char U+00AB (decimal 171)
   defining Unicode char U+00BB (decimal 187)
   defining Unicode char U+0131 (decimal 305)
   defining Unicode char U+0400 (decimal 1024)
   defining Unicode char U+0401 (decimal 1025)
   defining Unicode char U+0402 (decimal 1026)
   defining Unicode char U+0403 (decimal 1027)
   defining Unicode char U+0404 (decimal 1028)
   defining Unicode char U+0405 (decimal 1029)
   defining Unicode char U+0406 (decimal 1030)
   defining Unicode char U+0407 (decimal 1031)
   defining Unicode char U+0408 (decimal 1032)
   defining Unicode char U+0409 (decimal 1033)
   defining Unicode char U+040A (decimal 1034)
   defining Unicode char U+040B (decimal 1035)
   defining Unicode char U+040C (decimal 1036)
   defining Unicode char U+040D (decimal 1037)
   defining Unicode char U+040E (decimal 1038)
   defining Unicode char U+040F (decimal 1039)
   defining Unicode char U+0410 (decimal 1040)
   defining Unicode char U+0411 (decimal 1041)
   defining Unicode char U+0412 (decimal 1042)
   defining Unicode char U+0413 (decimal 1043)
   defining Unicode char U+0414 (decimal 1044)
   defining Unicode char U+0415 (decimal 1045)
   defining Unicode char U+0416 (decimal 1046)
   defining Unicode char U+0417 (decimal 1047)
   defining Unicode char U+0418 (decimal 1048)
   defining Unicode char U+0419 (decimal 1049)
   defining Unicode char U+041A (decimal 1050)
   defining Unicode char U+041B (decimal 1051)
   defining Unicode char U+041C (decimal 1052)
   defining Unicode char U+041D (decimal 1053)
   defining Unicode char U+041E (decimal 1054)
   defining Unicode char U+041F (decimal 1055)
   defining Unicode char U+0420 (decimal 1056)
   defining Unicode char U+0421 (decimal 1057)
   defining Unicode char U+0422 (decimal 1058)
   defining Unicode char U+0423 (decimal 1059)
   defining Unicode char U+0424 (decimal 1060)
   defining Unicode char U+0425 (decimal 1061)
   defining Unicode char U+0426 (decimal 1062)
   defining Unicode char U+0427 (decimal 1063)
   defining Unicode char U+0428 (decimal 1064)
   defining Unicode char U+0429 (decimal 1065)
   defining Unicode char U+042A (decimal 1066)
   defining Unicode char U+042B (decimal 1067)
   defining Unicode char U+042C (decimal 1068)
   defining Unicode char U+042D (decimal 1069)
   defining Unicode char U+042E (decimal 1070)
   defining Unicode char U+042F (decimal 1071)
   defining Unicode char U+0430 (decimal 1072)
   defining Unicode char U+0431 (decimal 1073)
   defining Unicode char U+0432 (decimal 1074)
   defining Unicode char U+0433 (decimal 1075)
   defining Unicode char U+0434 (decimal 1076)
   defining Unicode char U+0435 (decimal 1077)
   defining Unicode char U+0436 (decimal 1078)
   defining Unicode char U+0437 (decimal 1079)
   defining Unicode char U+0438 (decimal 1080)
   defining Unicode char U+0439 (decimal 1081)
   defining Unicode char U+043A (decimal 1082)
   defining Unicode char U+043B (decimal 1083)
   defining Unicode char U+043C (decimal 1084)
   defining Unicode char U+043D (decimal 1085)
   defining Unicode char U+043E (decimal 1086)
   defining Unicode char U+043F (decimal 1087)
   defining Unicode char U+0440 (decimal 1088)
   defining Unicode char U+0441 (decimal 1089)
   defining Unicode char U+0442 (decimal 1090)
   defining Unicode char U+0443 (decimal 1091)
   defining Unicode char U+0444 (decimal 1092)
   defining Unicode char U+0445 (decimal 1093)
   defining Unicode char U+0446 (decimal 1094)
   defining Unicode char U+0447 (decimal 1095)
   defining Unicode char U+0448 (decimal 1096)
   defining Unicode char U+0449 (decimal 1097)
   defining Unicode char U+044A (decimal 1098)
   defining Unicode char U+044B (decimal 1099)
   defining Unicode char U+044C (decimal 1100)
   defining Unicode char U+044D (decimal 1101)
   defining Unicode char U+044E (decimal 1102)
   defining Unicode char U+044F (decimal 1103)
   defining Unicode char U+0450 (decimal 1104)
   defining Unicode char U+0451 (decimal 1105)
   defining Unicode char U+0452 (decimal 1106)
   defining Unicode char U+0453 (decimal 1107)
   defining Unicode char U+0454 (decimal 1108)
   defining Unicode char U+0455 (decimal 1109)
   defining Unicode char U+0456 (decimal 1110)
   defining Unicode char U+0457 (decimal 1111)
   defining Unicode char U+0458 (decimal 1112)
   defining Unicode char U+0459 (decimal 1113)
   defining Unicode char U+045A (decimal 1114)
   defining Unicode char U+045B (decimal 1115)
   defining Unicode char U+045C (decimal 1116)
   defining Unicode char U+045D (decimal 1117)
   defining Unicode char U+045E (decimal 1118)
   defining Unicode char U+045F (decimal 1119)
   defining Unicode char U+0490 (decimal 1168)
   defining Unicode char U+0491 (decimal 1169)
   defining Unicode char U+0492 (decimal 1170)
   defining Unicode char U+0493 (decimal 1171)
   defining Unicode char U+0496 (decimal 1174)
   defining Unicode char U+0497 (decimal 1175)
   defining Unicode char U+0498 (decimal 1176)
   defining Unicode char U+0499 (decimal 1177)
   defining Unicode char U+049A (decimal 1178)
   defining Unicode char U+049B (decimal 1179)
   defining Unicode char U+049C (decimal 1180)
   defining Unicode char U+049D (decimal 1181)
   defining Unicode char U+04A0 (decimal 1184)
   defining Unicode char U+04A1 (decimal 1185)
   defining Unicode char U+04A2 (decimal 1186)
   defining Unicode char U+04A3 (decimal 1187)
   defining Unicode char U+04A4 (decimal 1188)
   defining Unicode char U+04A5 (decimal 1189)
   defining Unicode char U+04AA (decimal 1194)
   defining Unicode char U+04AB (decimal 1195)
   defining Unicode char U+04AE (decimal 1198)
   defining Unicode char U+04AF (decimal 1199)
   defining Unicode char U+04B0 (decimal 1200)
   defining Unicode char U+04B1 (decimal 1201)
   defining Unicode char U+04B2 (decimal 1202)
   defining Unicode char U+04B3 (decimal 1203)
   defining Unicode char U+04B6 (decimal 1206)
   defining Unicode char U+04B7 (decimal 1207)
   defining Unicode char U+04B8 (decimal 1208)
   defining Unicode char U+04B9 (decimal 1209)
   defining Unicode char U+04BA (decimal 1210)
   defining Unicode char U+04BB (decimal 1211)
   defining Unicode char U+04C0 (decimal 1216)
   defining Unicode char U+04C1 (decimal 1217)
   defining Unicode char U+04C2 (decimal 1218)
   defining Unicode char U+04D0 (decimal 1232)
   defining Unicode char U+04D1 (decimal 1233)
   defining Unicode char U+04D2 (decimal 1234)
   defining Unicode char U+04D3 (decimal 1235)
   defining Unicode char U+04D4 (decimal 1236)
   defining Unicode char U+04D5 (decimal 1237)
   defining Unicode char U+04D6 (decimal 1238)
   defining Unicode char U+04D7 (decimal 1239)
   defining Unicode char U+04D8 (decimal 1240)
   defining Unicode char U+04D9 (decimal 1241)
   defining Unicode char U+04DA (decimal 1242)
   defining Unicode char U+04DB (decimal 1243)
   defining Unicode char U+04DC (decimal 1244)
   defining Unicode char U+04DD (decimal 1245)
   defining Unicode char U+04DE (decimal 1246)
   defining Unicode char U+04DF (decimal 1247)
   defining Unicode char U+04E2 (decimal 1250)
   defining Unicode char U+04E3 (decimal 1251)
   defining Unicode char U+04E4 (decimal 1252)
   defining Unicode char U+04E5 (decimal 1253)
   defining Unicode char U+04E6 (decimal 1254)
   defining Unicode char U+04E7 (decimal 1255)
   defining Unicode char U+04E8 (decimal 1256)
   defining Unicode char U+04E9 (decimal 1257)
   defining Unicode char U+04EC (decimal 1260)
   defining Unicode char U+04ED (decimal 1261)
   defining Unicode char U+04EE (decimal 1262)
   defining Unicode char U+04EF (decimal 1263)
   defining Unicode char U+04F0 (decimal 1264)
   defining Unicode char U+04F1 (decimal 1265)
   defining Unicode char U+04F2 (decimal 1266)
   defining Unicode char U+04F3 (decimal 1267)
   defining Unicode char U+04F4 (decimal 1268)
   defining Unicode char U+04F5 (decimal 1269)
   defining Unicode char U+04F8 (decimal 1272)
   defining Unicode char U+04F9 (decimal 1273)
   defining Unicode char U+200C (decimal 8204)
   defining Unicode char U+2013 (decimal 8211)
   defining Unicode char U+2014 (decimal 8212)
   defining Unicode char U+2018 (decimal 8216)
   defining Unicode char U+2019 (decimal 8217)
   defining Unicode char U+201C (decimal 8220)
   defining Unicode char U+201D (decimal 8221)
   defining Unicode char U+201E (decimal 8222)
   defining Unicode char U+2030 (decimal 8240)
   defining Unicode char U+2031 (decimal 8241)
   defining Unicode char U+2116 (decimal 8470)
   defining Unicode char U+2329 (decimal 9001)
   defining Unicode char U+232A (decimal 9002)
   defining Unicode char U+2423 (decimal 9251)
)
   defining Unicode char U+00A9 (decimal 169)
   defining Unicode char U+00AA (decimal 170)
   defining Unicode char U+00AE (decimal 174)
   defining Unicode char U+00BA (decimal 186)
   defining Unicode char U+02C6 (decimal 710)
   defining Unicode char U+02DC (decimal 732)
   defining Unicode char U+200C (decimal 8204)
   defining Unicode char U+2026 (decimal 8230)
   defining Unicode char U+2122 (decimal 8482)
   defining Unicode char U+2423 (decimal 9251)
))
(/usr/share/texlive/texmf-dist/tex/latex/cmap/cmap.sty
Package: cmap 2008/03/06 v1.0h CMap support: searchable PDF


Package cmap Warning: fontenc already loaded - some fonts may be unprocessed.

) (/usr/share/texlive/texmf-dist/tex/latex/t2/mathtext.sty
Package: mathtext 1999/01/28 v1.0 transparent text-and-math defs
LaTeX Info: Redefining \halign on input line 111.
)
(/usr/share/texlive/texmf-dist/tex/generic/babel/babel.sty
Package: babel 2014/09/25 3.9l The Babel package

(/usr/share/texlive/texmf-dist/tex/generic/babel-russian/russianb.ldf
Language: russianb 2015/05/01 1.3g Russian support for the Babel system

(/usr/share/texlive/texmf-dist/tex/generic/babel/babel.def
File: babel.def 2014/09/25 3.9l Babel common definitions
\babel@savecnt=\count88
\U@D=\dimen104
)
Package babel Info: Making " an active character on input line 111.
))
(/usr/share/texlive/texmf-dist/tex/latex/extsizes/extsizes.sty
Package: extsizes 1996/10/08 v1.0 Non Standard LaTeX Package


Package ExtSizes Warning: It is better to use one of the extsizes classes,
 if you can.

(/usr/share/texlive/texmf-dist/tex/latex/extsizes/size14.clo
File: size14.clo 1999/11/11 v1.4a NON-Standard LaTeX file (size option)
))
\fivecharsapprox=\skip43

(/usr/share/texlive/texmf-dist/tex/latex/tools/indentfirst.sty
Package: indentfirst 1995/11/23 v1.03 Indent first paragraph (DPC)
)
(/usr/share/texlive/texmf-dist/tex/latex/geometry/geometry.sty
Package: geometry 2010/09/12 v5.6 Page Geometry

(/usr/share/texlive/texmf-dist/tex/latex/graphics/keyval.sty
Package: keyval 2014/10/28 v1.15 key=value parser (DPC)
\KV@toks@=\toks16
)
(/usr/share/texlive/texmf-dist/tex/generic/oberdiek/ifpdf.sty
Package: ifpdf 2011/01/30 v2.3 Provides the ifpdf switch (HO)
Package ifpdf Info: pdfTeX in PDF mode is detected.
)
(/usr/share/texlive/texmf-dist/tex/generic/oberdiek/ifvtex.sty
Package: ifvtex 2010/03/01 v1.5 Detect VTeX and its facilities (HO)
Package ifvtex Info: VTeX not detected.
)
(/usr/share/texlive/texmf-dist/tex/generic/ifxetex/ifxetex.sty
Package: ifxetex 2010/09/12 v0.6 Provides ifxetex conditional
)
\Gm@cnth=\count89
\Gm@cntv=\count90
\c@Gm@tempcnt=\count91
\Gm@bindingoffset=\dimen105
\Gm@wd@mp=\dimen106
\Gm@odd@mp=\dimen107
\Gm@even@mp=\dimen108
\Gm@layoutwidth=\dimen109
\Gm@layoutheight=\dimen110
\Gm@layouthoffset=\dimen111
\Gm@layoutvoffset=\dimen112
\Gm@dimlist=\toks17
)
(/usr/share/texlive/texmf-dist/tex/latex/setspace/setspace.sty
Package: setspace 2011/12/19 v6.7a set line spacing
)
(/usr/share/texlive/texmf-dist/tex/latex/bigfoot/perpage.sty
Package: perpage 2014/10/25 2.0 Reset/sort counters per page
\c@abspage=\count92
)
\c@pp@a@footnote=\count93

(/usr/share/texlive/texmf-dist/tex/latex/footmisc/footmisc.sty
Package: footmisc 2011/06/06 v5.5b a miscellany of footnote facilities
\FN@temptoken=\toks18
\footnotemargin=\dimen113
\c@pp@next@reset=\count94
Package footmisc Info: Declaring symbol style bringhurst on input line 855.
Package footmisc Info: Declaring symbol style chicago on input line 863.
Package footmisc Info: Declaring symbol style wiley on input line 872.
Package footmisc Info: Declaring symbol style lamport-robust on input line 883.

Package footmisc Info: Declaring symbol style lamport* on input line 903.
Package footmisc Info: Declaring symbol style lamport*-robust on input line 924
.
)
(/usr/share/texlive/texmf-dist/tex/latex/tocloft/tocloft.sty
Package: tocloft 2013/05/02 v2.3f parameterised ToC, etc., typesetting
Package tocloft Info: The document has chapter divisions on input line 44.
\cftparskip=\skip44
\cftbeforetoctitleskip=\skip45
\cftaftertoctitleskip=\skip46
\cftbeforepartskip=\skip47
\cftpartnumwidth=\skip48
\cftpartindent=\skip49
\cftbeforechapskip=\skip50
\cftchapindent=\skip51
\cftchapnumwidth=\skip52
\cftbeforesecskip=\skip53
\cftsecindent=\skip54
\cftsecnumwidth=\skip55
\cftbeforesubsecskip=\skip56
\cftsubsecindent=\skip57
\cftsubsecnumwidth=\skip58
\cftbeforesubsubsecskip=\skip59
\cftsubsubsecindent=\skip60
\cftsubsubsecnumwidth=\skip61
\cftbeforeparaskip=\skip62
\cftparaindent=\skip63
\cftparanumwidth=\skip64
\cftbeforesubparaskip=\skip65
\cftsubparaindent=\skip66
\cftsubparanumwidth=\skip67
\cftbeforeloftitleskip=\skip68
\cftafterloftitleskip=\skip69
\cftbeforefigskip=\skip70
\cftfigindent=\skip71
\cftfignumwidth=\skip72
\c@lofdepth=\count95
\c@lotdepth=\count96
\cftbeforelottitleskip=\skip73
\cftafterlottitleskip=\skip74
\cftbeforetabskip=\skip75
\cfttabindent=\skip76
\cfttabnumwidth=\skip77
)
(/usr/share/texlive/texmf-dist/tex/latex/fancyhdr/fancyhdr.sty
\fancy@headwidth=\skip78
\f@ncyO@elh=\skip79
\f@ncyO@erh=\skip80
\f@ncyO@olh=\skip81
\f@ncyO@orh=\skip82
\f@ncyO@elf=\skip83
\f@ncyO@erf=\skip84
\f@ncyO@olf=\skip85
\f@ncyO@orf=\skip86
)
(/usr/share/texlive/texmf-dist/tex/latex/graphics/graphicx.sty
Package: graphicx 2014/10/28 v1.0g Enhanced LaTeX Graphics (DPC,SPQR)

(/usr/share/texlive/texmf-dist/tex/latex/graphics/graphics.sty
Package: graphics 2014/10/28 v1.0p Standard LaTeX Graphics (DPC,SPQR)

(/usr/share/texlive/texmf-dist/tex/latex/graphics/trig.sty
Package: trig 1999/03/16 v1.09 sin cos tan (DPC)
)
(/usr/share/texlive/texmf-dist/tex/latex/latexconfig/graphics.cfg
File: graphics.cfg 2010/04/23 v1.9 graphics configuration of TeX Live
)
Package graphics Info: Driver file: pdftex.def on input line 94.

(/usr/share/texlive/texmf-dist/tex/latex/pdftex-def/pdftex.def
File: pdftex.def 2011/05/27 v0.06d Graphics/color for pdfTeX

(/usr/share/texlive/texmf-dist/tex/generic/oberdiek/infwarerr.sty
Package: infwarerr 2010/04/08 v1.3 Providing info/warning/error messages (HO)
)
(/usr/share/texlive/texmf-dist/tex/generic/oberdiek/ltxcmds.sty
Package: ltxcmds 2011/11/09 v1.22 LaTeX kernel commands for general use (HO)
)
\Gread@gobject=\count97
))
\Gin@req@height=\dimen114
\Gin@req@width=\dimen115
)
(/usr/share/texlive/texmf-dist/tex/latex/caption/caption.sty
Package: caption 2013/05/02 v3.3-89 Customizing captions (AR)

(/usr/share/texlive/texmf-dist/tex/latex/caption/caption3.sty
Package: caption3 2013/05/02 v1.6-88 caption3 kernel (AR)
Package caption3 Info: TeX engine: e-TeX on input line 57.
\captionmargin=\dimen116
\captionmargin@=\dimen117
\captionwidth=\dimen118
\caption@tempdima=\dimen119
\caption@indent=\dimen120
\caption@parindent=\dimen121
\caption@hangindent=\dimen122
)
\c@ContinuedFloat=\count98
)
(/usr/share/texlive/texmf-dist/tex/latex/caption/subcaption.sty
Package: subcaption 2013/02/03 v1.1-62 Sub-captions (AR)
\c@subfigure=\count99
\c@subtable=\count100
)
(/usr/share/texlive/texmf-dist/tex/latex/rotating/rotating.sty
Package: rotating 2009/03/28 v2.16a rotated objects in LaTeX

(/usr/share/texlive/texmf-dist/tex/latex/base/ifthen.sty
Package: ifthen 2014/09/29 v1.1c Standard LaTeX ifthen package (DPC)
)
\c@r@tfl@t=\count101
\rotFPtop=\skip87
\rotFPbot=\skip88
\rot@float@box=\box26
\rot@mess@toks=\toks19
)
(/usr/share/texlive/texmf-dist/tex/latex/tools/calc.sty
Package: calc 2014/10/28 v4.3 Infix arithmetic (KKT,FJ)
\calc@Acount=\count102
\calc@Bcount=\count103
\calc@Adimen=\dimen123
\calc@Bdimen=\dimen124
\calc@Askip=\skip89
\calc@Bskip=\skip90
LaTeX Info: Redefining \setlength on input line 80.
LaTeX Info: Redefining \addtolength on input line 81.
\calc@Ccount=\count104
\calc@Cskip=\skip91
)
\lengthWordWhere=\skip92

(/usr/share/texlive/texmf-dist/tex/latex/tools/tabularx.sty
Package: tabularx 2014/10/28 v2.10 `tabularx' package (DPC)

(/usr/share/texlive/texmf-dist/tex/latex/tools/array.sty
Package: array 2014/10/28 v2.4c Tabular extension package (FMi)
\col@sep=\dimen125
\extrarowheight=\dimen126
\NC@list=\toks20
\extratabsurround=\skip93
\backup@length=\skip94
)
\TX@col@width=\dimen127
\TX@old@table=\dimen128
\TX@old@col=\dimen129
\TX@target=\dimen130
\TX@delta=\dimen131
\TX@cols=\count105
\TX@ftn=\toks21
)
(/usr/share/texlive/texmf-dist/tex/latex/amsmath/amsmath.sty
Package: amsmath 2013/01/14 v2.14 AMS math features
\@mathmargin=\skip95

For additional information on amsmath, use the `?' option.
(/usr/share/texlive/texmf-dist/tex/latex/amsmath/amstext.sty
Package: amstext 2000/06/29 v2.01

(/usr/share/texlive/texmf-dist/tex/latex/amsmath/amsgen.sty
File: amsgen.sty 1999/11/30 v2.0
\@emptytoks=\toks22
\ex@=\dimen132
))
(/usr/share/texlive/texmf-dist/tex/latex/amsmath/amsbsy.sty
Package: amsbsy 1999/11/29 v1.2d
\pmbraise@=\dimen133
)
(/usr/share/texlive/texmf-dist/tex/latex/amsmath/amsopn.sty
Package: amsopn 1999/12/14 v2.01 operator names
)
\inf@bad=\count106
LaTeX Info: Redefining \frac on input line 210.
\uproot@=\count107
\leftroot@=\count108
LaTeX Info: Redefining \overline on input line 306.
\classnum@=\count109
\DOTSCASE@=\count110
LaTeX Info: Redefining \ldots on input line 378.
LaTeX Info: Redefining \dots on input line 381.
LaTeX Info: Redefining \cdots on input line 466.
\Mathstrutbox@=\box27
\strutbox@=\box28
\big@size=\dimen134
LaTeX Font Info:    Redeclaring font encoding OML on input line 566.
\symOMLletters=\mathgroup4
LaTeX Font Info:    Redeclaring font encoding OMS on input line 567.
\symOMSletters=\mathgroup5
\macc@depth=\count111
\c@MaxMatrixCols=\count112
\dotsspace@=\muskip10
\c@parentequation=\count113
\dspbrk@lvl=\count114
\tag@help=\toks23
\row@=\count115
\column@=\count116
\maxfields@=\count117
\andhelp@=\toks24
\eqnshift@=\dimen135
\alignsep@=\dimen136
\tagshift@=\dimen137
\tagwidth@=\dimen138
\totwidth@=\dimen139
\lineht@=\dimen140
\@envbody=\toks25
\multlinegap=\skip96
\multlinetaggap=\skip97
\mathdisplay@stack=\toks26
LaTeX Info: Redefining \[ on input line 2665.
LaTeX Info: Redefining \] on input line 2666.
)
(/usr/share/texlive/texmf-dist/tex/latex/amsfonts/amsfonts.sty
Package: amsfonts 2013/01/14 v3.01 Basic AMSFonts support
\symAMSa=\mathgroup6
\symAMSb=\mathgroup7
LaTeX Font Info:    Overwriting math alphabet `\mathfrak' in version `bold'
(Font)                  U/euf/m/n --> U/euf/b/n on input line 106.
)
(/usr/share/texlive/texmf-dist/tex/latex/amsfonts/amssymb.sty
Package: amssymb 2013/01/14 v3.01 AMS font symbols
)
(/usr/share/texlive/texmf-dist/tex/latex/amscls/amsthm.sty
Package: amsthm 2015/03/04 v2.20.2
\thm@style=\toks27
\thm@bodyfont=\toks28
\thm@headfont=\toks29
\thm@notefont=\toks30
\thm@headpunct=\toks31
\thm@preskip=\skip98
\thm@postskip=\skip99
\thm@headsep=\skip100
\dth@everypar=\toks32
)
(/usr/share/texlive/texmf-dist/tex/latex/fp/fp.sty
Package: fp 1995/04/02

`Fixed Point Package', Version 0.8, April 2, 1995 (C) Michael Mehlich
(/usr/share/texlive/texmf-dist/tex/latex/fp/defpattern.sty
Package: defpattern 1994/10/12
\actioncount=\count118
)
(/usr/share/texlive/texmf-dist/tex/latex/fp/fp-basic.sty
Package: fp-basic 1996/05/13
\FP@xs=\count119
\FP@xia=\count120
\FP@xib=\count121
\FP@xfa=\count122
\FP@xfb=\count123
\FP@rega=\count124
\FP@regb=\count125
\FP@regs=\count126
\FP@times=\count127
)
(/usr/share/texlive/texmf-dist/tex/latex/fp/fp-addons.sty
Package: fp-addons 1995/03/15
)
(/usr/share/texlive/texmf-dist/tex/latex/fp/fp-snap.sty
Package: fp-snap 1995/04/05
)
(/usr/share/texlive/texmf-dist/tex/latex/fp/fp-exp.sty
Package: fp-exp 1995/04/03
)
(/usr/share/texlive/texmf-dist/tex/latex/fp/fp-trigo.sty
Package: fp-trigo 1995/04/14
)
(/usr/share/texlive/texmf-dist/tex/latex/fp/fp-pas.sty
Package: fp-pas 1994/08/29
)
(/usr/share/texlive/texmf-dist/tex/latex/fp/fp-random.sty
Package: fp-random 1995/02/23
\FPseed=\count128
)
(/usr/share/texlive/texmf-dist/tex/latex/fp/fp-eqn.sty
Package: fp-eqn 1995/04/03
)
(/usr/share/texlive/texmf-dist/tex/latex/fp/fp-upn.sty
Package: fp-upn 1996/10/21
)
(/usr/share/texlive/texmf-dist/tex/latex/fp/fp-eval.sty
Package: fp-eval 1995/04/03
))
(/usr/share/texlive/texmf-dist/tex/latex/enumitem/enumitem.sty
Package: enumitem 2011/09/28 v3.5.2 Customized lists
\labelindent=\skip101
\enit@outerparindent=\dimen141
\enit@toks=\toks33
\enit@inbox=\box29
\enitdp@description=\count129
)
(/usr/share/texlive/texmf-dist/tex/latex/makecell/makecell.sty
Package: makecell 2009/08/03 V0.1e Managing of Tab Column Heads and Cells
\rotheadsize=\dimen142
\c@nlinenum=\count130
\TeXr@lab=\toks34
)
(/usr/share/texlive/texmf-dist/tex/latex/multirow/multirow.sty
\bigstrutjot=\dimen143
)
(/usr/share/texlive/texmf-dist/tex/latex/was/icomma.sty
Package: icomma 2002/03/10 v2.0 (WaS)
)
(/usr/share/texlive/texmf-dist/tex/latex/SIstyle/sistyle.sty
Package: sistyle 2008/07/16 v2.3a SI units and numbers (DNJ Els)
\ttoks@A=\toks35
\ttoks@B=\toks36
)
(/usr/share/texlive/texmf-dist/tex/latex/tools/verbatim.sty
Package: verbatim 2014/10/28 v1.5q LaTeX2e package for verbatim enhancements
\every@verbatim=\toks37
\verbatim@line=\toks38
\verbatim@in@stream=\read1
)
(/usr/share/texlive/texmf-dist/tex/latex/xcolor/xcolor.sty
Package: xcolor 2007/01/21 v2.11 LaTeX color extensions (UK)

(/usr/share/texlive/texmf-dist/tex/latex/latexconfig/color.cfg
File: color.cfg 2007/01/18 v1.5 color configuration of teTeX/TeXLive
)
Package xcolor Info: Driver file: pdftex.def on input line 225.
Package xcolor Info: Model `cmy' substituted by `cmy0' on input line 1337.
Package xcolor Info: Model `hsb' substituted by `rgb' on input line 1341.
Package xcolor Info: Model `RGB' extended on input line 1353.
Package xcolor Info: Model `HTML' substituted by `rgb' on input line 1355.
Package xcolor Info: Model `Hsb' substituted by `hsb' on input line 1356.
Package xcolor Info: Model `tHsb' substituted by `hsb' on input line 1357.
Package xcolor Info: Model `HSB' substituted by `hsb' on input line 1358.
Package xcolor Info: Model `Gray' substituted by `gray' on input line 1359.
Package xcolor Info: Model `wave' substituted by `hsb' on input line 1360.
)
(/usr/share/texlive/texmf-dist/tex/latex/listings/listings.sty
\lst@mode=\count131
\lst@gtempboxa=\box30
\lst@token=\toks39
\lst@length=\count132
\lst@currlwidth=\dimen144
\lst@column=\count133
\lst@pos=\count134
\lst@lostspace=\dimen145
\lst@width=\dimen146
\lst@newlines=\count135
\lst@lineno=\count136
\lst@maxwidth=\dimen147

(/usr/share/texlive/texmf-dist/tex/latex/listings/lstmisc.sty
File: lstmisc.sty 2015/06/04 1.6 (Carsten Heinz)
\c@lstnumber=\count137
\lst@skipnumbers=\count138
\lst@framebox=\box31
)
(/usr/share/texlive/texmf-dist/tex/latex/listings/listings.cfg
File: listings.cfg 2015/06/04 1.6 listings configuration
))
Package: listings 2015/06/04 1.6 (Carsten Heinz)

(/usr/share/texlive/texmf-dist/tex/latex/listings/lstlang1.sty
File: lstlang1.sty 2015/06/04 1.6 listings language file
)
(/usr/share/texlive/texmf-dist/tex/latex/listings/lstlang2.sty
File: lstlang2.sty 2015/06/04 1.6 listings language file
)
(/usr/share/texlive/texmf-dist/tex/generic/ulem/ulem.sty
\UL@box=\box32
\UL@hyphenbox=\box33
\UL@skip=\skip102
\UL@hook=\toks40
\UL@height=\dimen148
\UL@pe=\count139
\UL@pixel=\dimen149
\ULC@box=\box34
Package: ulem 2012/05/18
\ULdepth=\dimen150
)
(/usr/share/texlive/texmf-dist/tex/latex/hyperref/hyperref.sty
Package: hyperref 2012/11/06 v6.83m Hypertext links for LaTeX

(/usr/share/texlive/texmf-dist/tex/generic/oberdiek/hobsub-hyperref.sty
Package: hobsub-hyperref 2012/05/28 v1.13 Bundle oberdiek, subset hyperref (HO)


(/usr/share/texlive/texmf-dist/tex/generic/oberdiek/hobsub-generic.sty
Package: hobsub-generic 2012/05/28 v1.13 Bundle oberdiek, subset generic (HO)
Package: hobsub 2012/05/28 v1.13 Construct package bundles (HO)
Package hobsub Info: Skipping package `infwarerr' (already loaded).
Package hobsub Info: Skipping package `ltxcmds' (already loaded).
Package: ifluatex 2010/03/01 v1.3 Provides the ifluatex switch (HO)
Package ifluatex Info: LuaTeX not detected.
Package hobsub Info: Skipping package `ifvtex' (already loaded).
Package: intcalc 2007/09/27 v1.1 Expandable calculations with integers (HO)
Package hobsub Info: Skipping package `ifpdf' (already loaded).
Package: etexcmds 2011/02/16 v1.5 Avoid name clashes with e-TeX commands (HO)
Package etexcmds Info: Could not find \expanded.
(etexcmds)             That can mean that you are not using pdfTeX 1.50 or
(etexcmds)             that some package has redefined \expanded.
(etexcmds)             In the latter case, load this package earlier.
Package: kvsetkeys 2012/04/25 v1.16 Key value parser (HO)
Package: kvdefinekeys 2011/04/07 v1.3 Define keys (HO)
Package: pdftexcmds 2011/11/29 v0.20 Utility functions of pdfTeX for LuaTeX (HO
)
Package pdftexcmds Info: LuaTeX not detected.
Package pdftexcmds Info: \pdf@primitive is available.
Package pdftexcmds Info: \pdf@ifprimitive is available.
Package pdftexcmds Info: \pdfdraftmode found.
Package: pdfescape 2011/11/25 v1.13 Implements pdfTeX's escape features (HO)
Package: bigintcalc 2012/04/08 v1.3 Expandable calculations on big integers (HO
)
Package: bitset 2011/01/30 v1.1 Handle bit-vector datatype (HO)
Package: uniquecounter 2011/01/30 v1.2 Provide unlimited unique counter (HO)
)
Package hobsub Info: Skipping package `hobsub' (already loaded).
Package: letltxmacro 2010/09/02 v1.4 Let assignment for LaTeX macros (HO)
Package: hopatch 2012/05/28 v1.2 Wrapper for package hooks (HO)
Package: xcolor-patch 2011/01/30 xcolor patch
Package: atveryend 2011/06/30 v1.8 Hooks at the very end of document (HO)
Package atveryend Info: \enddocument detected (standard20110627).
Package: atbegshi 2011/10/05 v1.16 At begin shipout hook (HO)
Package: refcount 2011/10/16 v3.4 Data extraction from label references (HO)
Package: hycolor 2011/01/30 v1.7 Color options for hyperref/bookmark (HO)
)
(/usr/share/texlive/texmf-dist/tex/latex/oberdiek/auxhook.sty
Package: auxhook 2011/03/04 v1.3 Hooks for auxiliary files (HO)
)
(/usr/share/texlive/texmf-dist/tex/latex/oberdiek/kvoptions.sty
Package: kvoptions 2011/06/30 v3.11 Key value format for package options (HO)
)
\@linkdim=\dimen151
\Hy@linkcounter=\count140
\Hy@pagecounter=\count141

(/usr/share/texlive/texmf-dist/tex/latex/hyperref/pd1enc.def
File: pd1enc.def 2012/11/06 v6.83m Hyperref: PDFDocEncoding definition (HO)
\symPD1letters=\mathgroup8
)
\Hy@SavedSpaceFactor=\count142
Package hyperref Info: Option `unicode' set `true' on input line 3411.

(/usr/share/texlive/texmf-dist/tex/latex/hyperref/puenc.def
File: puenc.def 2012/11/06 v6.83m Hyperref: PDF Unicode definition (HO)
\symPUletters=\mathgroup9
)
(/usr/share/texlive/texmf-dist/tex/latex/latexconfig/hyperref.cfg
File: hyperref.cfg 2002/06/06 v1.2 hyperref configuration of TeXLive
)
Package hyperref Info: Option `final' set `true' on input line 4319.
Package hyperref Info: Option `final' set `true' on input line 4319.
Package hyperref Info: Hyper figures OFF on input line 4443.
Package hyperref Info: Link nesting OFF on input line 4448.
Package hyperref Info: Hyper index ON on input line 4451.
Package hyperref Info: Plain pages OFF on input line 4458.
Package hyperref Info: Backreferencing OFF on input line 4463.
Package hyperref Info: Implicit mode ON; LaTeX internals redefined.
Package hyperref Info: Bookmarks ON on input line 4688.
\c@Hy@tempcnt=\count143

(/usr/share/texlive/texmf-dist/tex/latex/url/url.sty
\Urlmuskip=\muskip11
Package: url 2013/09/16  ver 3.4  Verb mode for urls, etc.
)
LaTeX Info: Redefining \url on input line 5041.
\XeTeXLinkMargin=\dimen152
\Fld@menulength=\count144
\Field@Width=\dimen153
\Fld@charsize=\dimen154
Package hyperref Info: Hyper figures OFF on input line 6295.
Package hyperref Info: Link nesting OFF on input line 6300.
Package hyperref Info: Hyper index ON on input line 6303.
Package hyperref Info: backreferencing OFF on input line 6310.
Package hyperref Info: Link coloring OFF on input line 6315.
Package hyperref Info: Link coloring with OCG OFF on input line 6320.
Package hyperref Info: PDF/A mode OFF on input line 6325.
LaTeX Info: Redefining \ref on input line 6365.
LaTeX Info: Redefining \pageref on input line 6369.
\Hy@abspage=\count145
\c@Item=\count146
\c@Hfootnote=\count147
)

Package hyperref Message: Driver (autodetected): hpdftex.

(/usr/share/texlive/texmf-dist/tex/latex/hyperref/hpdftex.def
File: hpdftex.def 2012/11/06 v6.83m Hyperref driver for pdfTeX
\Fld@listcount=\count148
\c@bookmark@seq@number=\count149

(/usr/share/texlive/texmf-dist/tex/latex/oberdiek/rerunfilecheck.sty
Package: rerunfilecheck 2011/04/15 v1.7 Rerun checks for auxiliary files (HO)
Package uniquecounter Info: New unique counter `rerunfilecheck' on input line 2
82.
)
\Hy@SectionHShift=\skip103
)
(/usr/share/texlive/texmf-dist/tex/latex/natbib/natbib.sty
Package: natbib 2010/09/13 8.31b (PWD, AO)
\bibhang=\skip104
\bibsep=\skip105
LaTeX Info: Redefining \cite on input line 694.
\c@NAT@ctr=\count150
)
(/usr/share/texlive/texmf-dist/tex/latex/lastpage/lastpage.sty
Package: lastpage 2015/03/29 v1.2m Refers to last page's name (HMM; JPG)
)
(/usr/share/texlive/texmf-dist/tex/latex/totcount/totcount.sty
Package: totcount 2011/01/25 v1.2 package for gettingthe total value of LaTeX c
ounters
)
\c@section@totc=\count151

(/usr/share/texlive/texmf-dist/tex/latex/etoolbox/etoolbox.sty
Package: etoolbox 2015/08/02 v2.2a e-TeX tools for LaTeX (JAW)
\etb@tempcnta=\count152
)
\c@totfigures=\count153
\c@tottables=\count154
\c@totreferences=\count155
\c@totequation=\count156

(/usr/share/texlive/texmf-dist/tex/latex/tools/longtable.sty
Package: longtable 2014/10/28 v4.11 Multi-page Table package (DPC)
\LTleft=\skip106
\LTright=\skip107
\LTpre=\skip108
\LTpost=\skip109
\LTchunksize=\count157
\LTcapwidth=\dimen155
\LT@head=\box35
\LT@firsthead=\box36
\LT@foot=\box37
\LT@lastfoot=\box38
\LT@cols=\count158
\LT@rows=\count159
\c@LT@tables=\count160
\c@LT@chunks=\count161
\LT@p@ftn=\toks41
)
(/usr/share/texlive/texmf-dist/tex/latex/pdfpages/pdfpages.sty
Package: pdfpages 2015/06/15 v0.4y Insert pages of external PDF documents (AM)

(/usr/share/texlive/texmf-dist/tex/latex/eso-pic/eso-pic.sty
Package: eso-pic 2015/04/20 v2.0e eso-pic (RN)
)
\AM@pagewidth=\dimen156
\AM@pageheight=\dimen157

(/usr/share/texlive/texmf-dist/tex/latex/pdfpages/pppdftex.def
File: pppdftex.def 2015/06/15 v0.4y Pdfpages driver for pdfTeX (AM)
)
(/usr/share/texlive/texmf-dist/tex/latex/oberdiek/pdflscape.sty
Package: pdflscape 2008/08/11 v0.10 Display of landscape pages in PDF (HO)

(/usr/share/texlive/texmf-dist/tex/latex/graphics/lscape.sty
Package: lscape 2000/10/22 v3.01 Landscape Pages (DPC)
)
Package pdflscape Info: Auto-detected driver: pdftex on input line 80.
)
\AM@pagebox=\box39
\AM@toc@title=\toks42
\c@AM@survey=\count162
\AM@templatesizebox=\box40
)
(/usr/share/texlive/texmf-dist/tex/latex/was/gensymb.sty
Package: gensymb 2003/07/02 v1.0 (WaS)
)
(/usr/share/texlive/texmf-dist/tex/latex/textcase/textcase.sty
Package: textcase 2004/10/07 v0.07 Text only upper/lower case changing (DPC)
))
(./macro_glob.tex) (./diploma_report.aux (./sec_intro.aux) (./sec_domain.aux)
(./sec_tech.aux) (./sec_arch_and_mod.aux

LaTeX Warning: Label `sub:arch_and_mod:mvc:controller' multiply defined.

) (./sec_econ.aux) (./sec_final.aux))
\openout1 = `diploma_report.aux'.

LaTeX Font Info:    Checking defaults for OML/cmm/m/it on input line 5.
LaTeX Font Info:    ... okay on input line 5.
LaTeX Font Info:    Checking defaults for T1/cmr/m/n on input line 5.
LaTeX Font Info:    ... okay on input line 5.
LaTeX Font Info:    Checking defaults for OT1/cmr/m/n on input line 5.
LaTeX Font Info:    ... okay on input line 5.
LaTeX Font Info:    Checking defaults for OMS/cmsy/m/n on input line 5.
LaTeX Font Info:    ... okay on input line 5.
LaTeX Font Info:    Checking defaults for OMX/cmex/m/n on input line 5.
LaTeX Font Info:    ... okay on input line 5.
LaTeX Font Info:    Checking defaults for U/cmr/m/n on input line 5.
LaTeX Font Info:    ... okay on input line 5.
LaTeX Font Info:    Checking defaults for T2A/cmr/m/n on input line 5.
LaTeX Font Info:    ... okay on input line 5.
LaTeX Font Info:    Checking defaults for PD1/pdf/m/n on input line 5.
LaTeX Font Info:    ... okay on input line 5.
LaTeX Font Info:    Checking defaults for PU/pdf/m/n on input line 5.
LaTeX Font Info:    ... okay on input line 5.
<<t2a.cmap>>
*geometry* driver: auto-detecting
*geometry* detected driver: pdftex
*geometry* verbose mode - [ preamble ] result:
* driver: pdftex
* paper: a4paper
* layout: <same size as paper>
* layoutoffset:(h,v)=(0.0pt,0.0pt)
* modes: 
* h-part:(L,W,R)=(85.35826pt, 469.47049pt, 42.67912pt)
* v-part:(T,H,B)=(56.9055pt, 711.319pt, 76.82234pt)
* \paperwidth=597.50787pt
* \paperheight=845.04684pt
* \textwidth=469.47049pt
* \textheight=711.319pt
* \oddsidemargin=13.08827pt
* \evensidemargin=13.08827pt
* \topmargin=-54.36449pt
* \headheight=14.0pt
* \headsep=25.0pt
* \topskip=14.0pt
* \footskip=30.0pt
* \marginparwidth=15.0pt
* \marginparsep=10.0pt
* \columnsep=10.0pt
* \skip\footins=12.0pt plus 4.0pt minus 2.0pt
* \hoffset=0.0pt
* \voffset=0.0pt
* \mag=1000
* \@twocolumnfalse
* \@twosidefalse
* \@mparswitchfalse
* \@reversemarginfalse
* (1in=72.27pt=25.4mm, 1cm=28.453pt)

(/usr/share/texlive/texmf-dist/tex/context/base/supp-pdf.mkii
[Loading MPS to PDF converter (version 2006.09.02).]
\scratchcounter=\count163
\scratchdimen=\dimen158
\scratchbox=\box41
\nofMPsegments=\count164
\nofMParguments=\count165
\everyMPshowfont=\toks43
\MPscratchCnt=\count166
\MPscratchDim=\dimen159
\MPnumerator=\count167
\makeMPintoPDFobject=\count168
\everyMPtoPDFconversion=\toks44
) (/usr/share/texlive/texmf-dist/tex/latex/oberdiek/epstopdf-base.sty
Package: epstopdf-base 2010/02/09 v2.5 Base part for package epstopdf

(/usr/share/texlive/texmf-dist/tex/latex/oberdiek/grfext.sty
Package: grfext 2010/08/19 v1.1 Manage graphics extensions (HO)
)
Package grfext Info: Graphics extension search list:
(grfext)             [.pdf,.png,.jpg,.eps]
(grfext)             \AppendGraphicsExtensions on input line 452.

(/usr/share/texlive/texmf-dist/tex/latex/latexconfig/epstopdf-sys.cfg
File: epstopdf-sys.cfg 2010/07/13 v1.3 Configuration of (r)epstopdf for TeX Liv
e
))
Package caption Info: Begin \AtBeginDocument code.
Package caption Info: hyperref package is loaded.
Package caption Info: listings package is loaded.
Package caption Info: longtable package is loaded.

(/usr/share/texlive/texmf-dist/tex/latex/caption/ltcaption.sty
Package: ltcaption 2013/02/03 v1.3-62 longtable captions (AR)
)
Package caption Info: rotating package is loaded.
Package caption Info: End \AtBeginDocument code.
<<ot1.cmap>><<oml.cmap>><<oms.cmap>><<omx.cmap>>
LaTeX Font Info:    Try loading font information for OML+ftm on input line 5.
LaTeX Font Info:    No file OMLftm.fd. on input line 5.


LaTeX Font Warning: Font shape `OML/ftm/m/n' undefined
(Font)              using `OML/cmm/m/it' instead on input line 5.

LaTeX Font Info:    Try loading font information for OMS+ftm on input line 5.
LaTeX Font Info:    No file OMSftm.fd. on input line 5.

LaTeX Font Warning: Font shape `OMS/ftm/m/n' undefined
(Font)              using `OMS/cmsy/m/n' instead on input line 5.

LaTeX Font Info:    Try loading font information for U+msa on input line 5.
(/usr/share/texlive/texmf-dist/tex/latex/amsfonts/umsa.fd
File: umsa.fd 2013/01/14 v3.01 AMS symbols A
)
LaTeX Font Info:    Try loading font information for U+msb on input line 5.

(/usr/share/texlive/texmf-dist/tex/latex/amsfonts/umsb.fd
File: umsb.fd 2013/01/14 v3.01 AMS symbols B
)
LaTeX Font Info:    Try loading font information for PD1+ftm on input line 5.
LaTeX Font Info:    No file PD1ftm.fd. on input line 5.


LaTeX Font Warning: Font shape `PD1/ftm/m/n' undefined
(Font)              using `PD1/pdf/m/n' instead on input line 5.

LaTeX Font Info:    Try loading font information for PU+ftm on input line 5.
LaTeX Font Info:    No file PUftm.fd. on input line 5.

LaTeX Font Warning: Font shape `PU/ftm/m/n' undefined
(Font)              using `PU/pdf/m/n' instead on input line 5.

<<ot1tt.cmap>>
\c@lstlisting=\count169
\AtBeginShipoutBox=\box42
Package hyperref Info: Link coloring OFF on input line 5.
 (/usr/share/texlive/texmf-dist/tex/latex/hyperref/nameref.sty
Package: nameref 2012/10/27 v2.43 Cross-referencing by name of section

(/usr/share/texlive/texmf-dist/tex/generic/oberdiek/gettitlestring.sty
Package: gettitlestring 2010/12/03 v1.4 Cleanup title references (HO)
)
\c@section@level=\count170
)
LaTeX Info: Redefining \ref on input line 5.
LaTeX Info: Redefining \pageref on input line 5.
LaTeX Info: Redefining \nameref on input line 5.

(./diploma_report.out) (./diploma_report.out)
\@outlinefile=\write3
\openout3 = `diploma_report.out'.

Package lastpage Info: Please have a look at the pageslts package at
(lastpage)             https://www.ctan.org/pkg/pageslts
(lastpage)             ! on input line 5.
LaTeX Info: Redefining \celsius on input line 5.
Package gensymb Info: Faking symbols for \degree and \celsius on input line 5.


Package gensymb Warning: Not defining \perthousand.

LaTeX Info: Redefining \ohm on input line 5.
Package gensymb Info: Using \Omega for \ohm on input line 5.

Package gensymb Warning: Not defining \micro.

(./diploma_title.tex
LaTeX Font Info:    Font shape `T2A/ftm/bx/n' in size <14.4> not available
(Font)              Font shape `T2A/ftm/b/n' tried instead on input line 32.
LaTeX Font Info:    Font shape `T2A/ftm/bx/n' in size <17.28> not available
(Font)              Font shape `T2A/ftm/b/n' tried instead on input line 32.
Package babel Info: Redefining russian shorthand "|
(babel)             in language  on input line 51.
Package babel Info: Redefining russian shorthand "~
(babel)             in language  on input line 51.
Package babel Info: Redefining russian shorthand "|
(babel)             in language  on input line 51.
Package babel Info: Redefining russian shorthand "~
(babel)             in language  on input line 51.
 [1

{/var/lib/texmf/fonts/map/pdftex/updmap/pdftex.map}])
(./abstract.tex
Package babel Info: Redefining russian shorthand "|
(babel)             in language  on input line 37.
Package babel Info: Redefining russian shorthand "~
(babel)             in language  on input line 37.
Package babel Info: Redefining russian shorthand "|
(babel)             in language  on input line 37.
Package babel Info: Redefining russian shorthand "~
(babel)             in language  on input line 37.
pdfTeX warning (ext4): destination with the same identifier (name{page.1}) has 
been already used, duplicate ignored
<to be read again> 
                   \relax 
l.37 \clearpage
                [1

]) (./annotation.tex
Package babel Info: Redefining russian shorthand "|
(babel)             in language  on input line 38.
Package babel Info: Redefining russian shorthand "~
(babel)             in language  on input line 38.
Package babel Info: Redefining russian shorthand "|
(babel)             in language  on input line 38.
Package babel Info: Redefining russian shorthand "~
(babel)             in language  on input line 38.
 [2


]) (./table_of_contents.tex
LaTeX Font Info:    Font shape `T2A/ftm/bx/n' in size <35.83> not available
(Font)              Font shape `T2A/ftm/b/n' tried instead on input line 9.

(./diploma_report.toc
LaTeX Font Info:    Try loading font information for OT1+ftm on input line 1.

(/usr/share/texmf/tex/latex/scalable-cyrfonts-tex/ot1ftm.fd
File: ot1ftm.fd 2012/09/15 Fontinst v1.933 font definitions for OT1/ftm.
)
Overfull \hbox (3.32335pt too wide) in paragraph at lines 31--31
 [][] [][]\T2A/ftm/m/n/14.4  ---- ---- --
-   - 
 []

)
\tf@toc=\write4
\openout4 = `diploma_report.toc'.

Package babel Info: Redefining russian shorthand "|
(babel)             in language  on input line 10.
Package babel Info: Redefining russian shorthand "~
(babel)             in language  on input line 10.
Package babel Info: Redefining russian shorthand "|
(babel)             in language  on input line 10.
Package babel Info: Redefining russian shorthand "~
(babel)             in language  on input line 10.
 [5

]) (./diploma_content.tex
\openout2 = `sec_intro.aux'.

 (./sec_intro.tex
Package babel Info: Redefining russian shorthand "|
(babel)             in language  on input line 2.
Package babel Info: Redefining russian shorthand "~
(babel)             in language  on input line 2.
)
Overfull \hbox (7.62975pt too wide) in paragraph at lines 11--1
[]\T2A/ftm/m/n/14.4  - -- -----, --
  -- -
 []


Overfull \hbox (6.54977pt too wide) in paragraph at lines 11--1
\T2A/ftm/m/n/14.4 - ----. ---- --- -
-  ---, -
 []

Package babel Info: Redefining russian shorthand "|
(babel)             in language  on input line 1.
Package babel Info: Redefining russian shorthand "~
(babel)             in language  on input line 1.
Package babel Info: Redefining russian shorthand "|
(babel)             in language  on input line 1.
Package babel Info: Redefining russian shorthand "~
(babel)             in language  on input line 1.
[6


]
\openout2 = `sec_domain.aux'.

 (./sec_domain.tex
Package babel Info: Redefining russian shorthand "|
(babel)             in language  on input line 1.
Package babel Info: Redefining russian shorthand "~
(babel)             in language  on input line 1.
Package babel Info: Redefining russian shorthand "|
(babel)             in language  on input line 4.
Package babel Info: Redefining russian shorthand "~
(babel)             in language  on input line 4.

Overfull \hbox (4.98006pt too wide) in paragraph at lines 23--24
[]\T2A/ftm/m/n/14.4  -- -, - -- --
, - -
 []


Overfull \hbox (4.15927pt too wide) in paragraph at lines 25--26
[]\T2A/ftm/m/n/14.4  ----, -- - --- 
---- -
 []

Package babel Info: Redefining russian shorthand "|
(babel)             in language  on input line 28.
Package babel Info: Redefining russian shorthand "~
(babel)             in language  on input line 28.
Package babel Info: Redefining russian shorthand "|
(babel)             in language  on input line 31.
Package babel Info: Redefining russian shorthand "~
(babel)             in language  on input line 31.
Package babel Info: Redefining russian shorthand "|
(babel)             in language  on input line 31.
Package babel Info: Redefining russian shorthand "~
(babel)             in language  on input line 31.
[7



] <figures/youtubejustreleased.png, id=164, 1049.9225pt x 533.995pt>
File: figures/youtubejustreleased.png Graphic file (type png)

<use figures/youtubejustreleased.png>
Package pdftex.def Info: figures/youtubejustreleased.png used on input line 59.

(pdftex.def)             Requested size: 419.96156pt x 213.59421pt.
Package babel Info: Redefining russian shorthand "|
(babel)             in language  on input line 66.
Package babel Info: Redefining russian shorthand "~
(babel)             in language  on input line 66.
Package babel Info: Redefining russian shorthand "|
(babel)             in language  on input line 66.
Package babel Info: Redefining russian shorthand "~
(babel)             in language  on input line 66.
 [8]
Package babel Info: Redefining russian shorthand "|
(babel)             in language  on input line 70.
Package babel Info: Redefining russian shorthand "~
(babel)             in language  on input line 70.
Package babel Info: Redefining russian shorthand "|
(babel)             in language  on input line 70.
Package babel Info: Redefining russian shorthand "~
(babel)             in language  on input line 70.
 [9 <./figures/youtubejustreleased.png>] <figures/allmusic.png, id=180, 1055.94
5pt x 663.47874pt>
File: figures/allmusic.png Graphic file (type png)

<use figures/allmusic.png>
Package pdftex.def Info: figures/allmusic.png used on input line 74.
(pdftex.def)             Requested size: 422.37051pt x 265.3868pt.
Package babel Info: Redefining russian shorthand "|
(babel)             in language  on input line 104.
Package babel Info: Redefining russian shorthand "~
(babel)             in language  on input line 104.
Package babel Info: Redefining russian shorthand "|
(babel)             in language  on input line 104.
Package babel Info: Redefining russian shorthand "~
(babel)             in language  on input line 104.
 [10

 <./figures/allmusic.png>]
Package babel Info: Redefining russian shorthand "|
(babel)             in language  on input line 105.
Package babel Info: Redefining russian shorthand "~
(babel)             in language  on input line 105.
Package babel Info: Redefining russian shorthand "|
(babel)             in language  on input line 136.
Package babel Info: Redefining russian shorthand "~
(babel)             in language  on input line 136.
Package babel Info: Redefining russian shorthand "|
(babel)             in language  on input line 136.
Package babel Info: Redefining russian shorthand "~
(babel)             in language  on input line 136.
 [11]
Package babel Info: Redefining russian shorthand "|
(babel)             in language  on input line 143.
Package babel Info: Redefining russian shorthand "~
(babel)             in language  on input line 143.

Overfull \hbox (6.57768pt too wide) in paragraph at lines 149--150
[]\T2A/ftm/m/n/14.4 WebAPI --  API, --  -- --- HTTP-
  HTTP-
 []

)
Package babel Info: Redefining russian shorthand "|
(babel)             in language  on input line 3.
Package babel Info: Redefining russian shorthand "~
(babel)             in language  on input line 3.
Package babel Info: Redefining russian shorthand "|
(babel)             in language  on input line 3.
Package babel Info: Redefining russian shorthand "~
(babel)             in language  on input line 3.
 [12]
Package babel Info: Redefining russian shorthand "|
(babel)             in language  on input line 3.
Package babel Info: Redefining russian shorthand "~
(babel)             in language  on input line 3.
Package babel Info: Redefining russian shorthand "|
(babel)             in language  on input line 3.
Package babel Info: Redefining russian shorthand "~
(babel)             in language  on input line 3.
 [13]
\openout2 = `sec_tech.aux'.

 (./sec_tech.tex
Package babel Info: Redefining russian shorthand "|
(babel)             in language  on input line 3.
Package babel Info: Redefining russian shorthand "~
(babel)             in language  on input line 3.
Package babel Info: Redefining russian shorthand "|
(babel)             in language  on input line 6.
Package babel Info: Redefining russian shorthand "~
(babel)             in language  on input line 6.

Overfull \hbox (1.16333pt too wide) in paragraph at lines 8--9
\T2A/ftm/m/n/14.4 --.  - -  -- ``scaf
fold'', -- -
 []


Overfull \hbox (1.65286pt too wide) in paragraph at lines 14--15
[]\T2A/ftm/m/n/14.4 ``DRY'' --  ------,  ``don't repeat y
ourself''.  -
 []


Overfull \hbox (1.22179pt too wide) in paragraph at lines 22--23
[]\T2A/ftm/m/n/14.4  --  -- --- -  --
--- -
 []

Package babel Info: Redefining russian shorthand "|
(babel)             in language  on input line 27.
Package babel Info: Redefining russian shorthand "~
(babel)             in language  on input line 27.
Package babel Info: Redefining russian shorthand "|
(babel)             in language  on input line 27.
Package babel Info: Redefining russian shorthand "~
(babel)             in language  on input line 27.
[14



]
Overfull \hbox (5.90176pt too wide) in paragraph at lines 45--46
\T2A/ftm/m/n/14.4 -- --- -- HTML- ---
 --,  Ruby
 []


Overfull \hbox (4.33124pt too wide) in paragraph at lines 47--48
[]\T2A/ftm/m/n/14.4  Ruby on Rails --- --  ---
 URL-
 []

Package babel Info: Redefining russian shorthand "|
(babel)             in language  on input line 50.
Package babel Info: Redefining russian shorthand "~
(babel)             in language  on input line 50.
Package babel Info: Redefining russian shorthand "|
(babel)             in language  on input line 50.
Package babel Info: Redefining russian shorthand "~
(babel)             in language  on input line 50.
[15]
Package babel Info: Redefining russian shorthand "|
(babel)             in language  on input line 51.
Package babel Info: Redefining russian shorthand "~
(babel)             in language  on input line 51.

Overfull \hbox (6.24742pt too wide) in paragraph at lines 57--58
\T2A/ftm/m/n/14.4 ---- --- - - -- 
---- --
 []


Overfull \hbox (1.02023pt too wide) in paragraph at lines 71--72
\T2A/ftm/m/n/14.4  HTML- -- ---. --- --
 ----
 []

Package babel Info: Redefining russian shorthand "|
(babel)             in language  on input line 75.
Package babel Info: Redefining russian shorthand "~
(babel)             in language  on input line 75.
Package babel Info: Redefining russian shorthand "|
(babel)             in language  on input line 75.
Package babel Info: Redefining russian shorthand "~
(babel)             in language  on input line 75.
[16]
Package babel Info: Redefining russian shorthand "|
(babel)             in language  on input line 85.
Package babel Info: Redefining russian shorthand "~
(babel)             in language  on input line 85.

Overfull \hbox (3.35287pt too wide) in paragraph at lines 87--88
[]\T2A/ftm/m/n/14.4 Bootstrap -  CSS-, -- --- -
--- -
 []


Overfull \hbox (7.11128pt too wide) in paragraph at lines 89--90
[]\T2A/ftm/m/n/14.4  -- - -- ---- --
- - CSS-
 []


Overfull \hbox (1.25063pt too wide) in paragraph at lines 89--90
\T2A/ftm/m/n/14.4 , - --- -- -----
.   -- -
 []

)
Package babel Info: Redefining russian shorthand "|
(babel)             in language  on input line 5.
Package babel Info: Redefining russian shorthand "~
(babel)             in language  on input line 5.
Package babel Info: Redefining russian shorthand "|
(babel)             in language  on input line 5.
Package babel Info: Redefining russian shorthand "~
(babel)             in language  on input line 5.
 [17]
Package babel Info: Redefining russian shorthand "|
(babel)             in language  on input line 5.
Package babel Info: Redefining russian shorthand "~
(babel)             in language  on input line 5.
Package babel Info: Redefining russian shorthand "|
(babel)             in language  on input line 5.
Package babel Info: Redefining russian shorthand "~
(babel)             in language  on input line 5.
 [18]
\openout2 = `sec_arch_and_mod.aux'.

 (./sec_arch_and_mod.tex
Package babel Info: Redefining russian shorthand "|
(babel)             in language  on input line 1.
Package babel Info: Redefining russian shorthand "~
(babel)             in language  on input line 1.
Package babel Info: Redefining russian shorthand "|
(babel)             in language  on input line 8.
Package babel Info: Redefining russian shorthand "~
(babel)             in language  on input line 8.
Package babel Info: Redefining russian shorthand "|
(babel)             in language  on input line 36.
Package babel Info: Redefining russian shorthand "~
(babel)             in language  on input line 36.
Package babel Info: Redefining russian shorthand "|
(babel)             in language  on input line 36.
Package babel Info: Redefining russian shorthand "~
(babel)             in language  on input line 36.
 [19



]
LaTeX Font Info:    Try loading font information for T2A+cmtt on input line 37.


(/usr/share/texlive/texmf-dist/tex/latex/cyrillic/t2acmtt.fd
File: t2acmtt.fd 2001/08/11 v1.0a Computer Modern Cyrillic font definitions
)
Package babel Info: Redefining russian shorthand "|
(babel)             in language  on input line 69.
Package babel Info: Redefining russian shorthand "~
(babel)             in language  on input line 69.
Package babel Info: Redefining russian shorthand "|
(babel)             in language  on input line 69.
Package babel Info: Redefining russian shorthand "~
(babel)             in language  on input line 69.
 [20]
Package babel Info: Redefining russian shorthand "|
(babel)             in language  on input line 108.
Package babel Info: Redefining russian shorthand "~
(babel)             in language  on input line 108.
Package babel Info: Redefining russian shorthand "|
(babel)             in language  on input line 108.
Package babel Info: Redefining russian shorthand "~
(babel)             in language  on input line 108.
 [21]
Package babel Info: Redefining russian shorthand "|
(babel)             in language  on input line 126.
Package babel Info: Redefining russian shorthand "~
(babel)             in language  on input line 126.
Package babel Info: Redefining russian shorthand "|
(babel)             in language  on input line 130.
Package babel Info: Redefining russian shorthand "~
(babel)             in language  on input line 130.
Package babel Info: Redefining russian shorthand "|
(babel)             in language  on input line 130.
Package babel Info: Redefining russian shorthand "~
(babel)             in language  on input line 130.

[22]
Overfull \hbox (0.34337pt too wide) in paragraph at lines 131--132
[]\T2A/ftm/m/n/14.4  ---- ----  -- -
. 
 []

<figures/mvc_picture.png, id=257, 349.305pt x 328.97906pt>
File: figures/mvc_picture.png Graphic file (type png)

<use figures/mvc_picture.png>
Package pdftex.def Info: figures/mvc_picture.png used on input line 135.
(pdftex.def)             Requested size: 139.71951pt x 131.5893pt.

Overfull \hbox (0.64577pt too wide) in paragraph at lines 150--151
\T2A/ftm/m/n/14.4 -,  -  ruby-, -----  -
 ActiveRecord::Base,
 []

Package babel Info: Redefining russian shorthand "|
(babel)             in language  on input line 153.
Package babel Info: Redefining russian shorthand "~
(babel)             in language  on input line 153.
Package babel Info: Redefining russian shorthand "|
(babel)             in language  on input line 153.
Package babel Info: Redefining russian shorthand "~
(babel)             in language  on input line 153.
[23 <./figures/mvc_picture.png>]
LaTeX Font Info:    Font shape `T2A/cmtt/bx/n' in size <10> not available
(Font)              Font shape `T2A/cmtt/m/n' tried instead on input line 154.

Overfull \hbox (3.46814pt too wide) in paragraph at lines 158--159
[]\T2A/ftm/m/n/14.4 - - ActiveRecord::Base --- 
-- -
 []


Overfull \hbox (2.2008pt too wide) in paragraph at lines 166--167
[]\T2A/ftm/m/n/14.4 formed_year --  ---- --- -(
); 
 []


Overfull \hbox (5.28252pt too wide) in paragraph at lines 168--169
[]\T2A/ftm/m/n/14.4 genres -- -, -- -- --- -
(); 
 []

Package babel Info: Redefining russian shorthand "|
(babel)             in language  on input line 179.
Package babel Info: Redefining russian shorthand "~
(babel)             in language  on input line 179.
Package babel Info: Redefining russian shorthand "|
(babel)             in language  on input line 179.
Package babel Info: Redefining russian shorthand "~
(babel)             in language  on input line 179.
[24]
Overfull \hbox (10.99942pt too wide) in paragraph at lines 190--192
\T2A/ftm/m/n/14.4     - -,     -- --
- -
 []


Overfull \hbox (9.06976pt too wide) in paragraph at lines 190--192
\T2A/ftm/m/n/14.4 - -- - --  - - --
- ---. -
 []

Package babel Info: Redefining russian shorthand "|
(babel)             in language  on input line 218.
Package babel Info: Redefining russian shorthand "~
(babel)             in language  on input line 218.
Package babel Info: Redefining russian shorthand "|
(babel)             in language  on input line 218.
Package babel Info: Redefining russian shorthand "~
(babel)             in language  on input line 218.
[25]
Package babel Info: Redefining russian shorthand "|
(babel)             in language  on input line 234.
Package babel Info: Redefining russian shorthand "~
(babel)             in language  on input line 234.
Package babel Info: Redefining russian shorthand "|
(babel)             in language  on input line 234.
Package babel Info: Redefining russian shorthand "~
(babel)             in language  on input line 234.
 [26]
Overfull \hbox (3.00734pt too wide) in paragraph at lines 239--240
\T2A/ftm/m/n/14.4 --- ActiveRecord::Base  ----- -
- ---. -
 []


Overfull \hbox (1.20645pt too wide) in paragraph at lines 241--242
[]\T2A/ftm/m/n/14.4  --,  - AngularJS - -
-- 
 []

Package babel Info: Redefining russian shorthand "|
(babel)             in language  on input line 261.
Package babel Info: Redefining russian shorthand "~
(babel)             in language  on input line 261.
Package babel Info: Redefining russian shorthand "|
(babel)             in language  on input line 261.
Package babel Info: Redefining russian shorthand "~
(babel)             in language  on input line 261.
[27]
Package babel Info: Redefining russian shorthand "|
(babel)             in language  on input line 275.
Package babel Info: Redefining russian shorthand "~
(babel)             in language  on input line 275.
Package babel Info: Redefining russian shorthand "|
(babel)             in language  on input line 275.
Package babel Info: Redefining russian shorthand "~
(babel)             in language  on input line 275.
 [28]
Overfull \hbox (1.75366pt too wide) in paragraph at lines 276--277
\T2A/ftm/m/n/14.4 whitelist   "-  ---".  ---
 ---- private-
 []


Overfull \hbox (0.68907pt too wide) in paragraph at lines 278--279
[]\T2A/ftm/m/n/14.4  - ---, -- ----- 
- -- -
 []

Package babel Info: Redefining russian shorthand "|
(babel)             in language  on input line 315.
Package babel Info: Redefining russian shorthand "~
(babel)             in language  on input line 315.
Package babel Info: Redefining russian shorthand "|
(babel)             in language  on input line 315.
Package babel Info: Redefining russian shorthand "~
(babel)             in language  on input line 315.
[29]
Package babel Info: Redefining russian shorthand "|
(babel)             in language  on input line 370.
Package babel Info: Redefining russian shorthand "~
(babel)             in language  on input line 370.
Package babel Info: Redefining russian shorthand "|
(babel)             in language  on input line 370.
Package babel Info: Redefining russian shorthand "~
(babel)             in language  on input line 370.
 [30]
Package babel Info: Redefining russian shorthand "|
(babel)             in language  on input line 397.
Package babel Info: Redefining russian shorthand "~
(babel)             in language  on input line 397.
Package babel Info: Redefining russian shorthand "|
(babel)             in language  on input line 397.
Package babel Info: Redefining russian shorthand "~
(babel)             in language  on input line 397.
 [31]
Overfull \hbox (1.88419pt too wide) in paragraph at lines 421--422
[]\T2A/ftm/m/n/14.4  Ruby on Rails --- -- HTML-

 []

(/usr/share/texlive/texmf-dist/tex/latex/listings/lstlang1.sty
File: lstlang1.sty 2015/06/04 1.6 listings language file
)
(/usr/share/texlive/texmf-dist/tex/latex/listings/lstmisc.sty
File: lstmisc.sty 2015/06/04 1.6 (Carsten Heinz)
)
Package babel Info: Redefining russian shorthand "|
(babel)             in language  on input line 430.
Package babel Info: Redefining russian shorthand "~
(babel)             in language  on input line 430.
Package babel Info: Redefining russian shorthand "|
(babel)             in language  on input line 430.
Package babel Info: Redefining russian shorthand "~
(babel)             in language  on input line 430.
 [32]
Package babel Info: Redefining russian shorthand "|
(babel)             in language  on input line 466.
Package babel Info: Redefining russian shorthand "~
(babel)             in language  on input line 466.
Package babel Info: Redefining russian shorthand "|
(babel)             in language  on input line 466.
Package babel Info: Redefining russian shorthand "~
(babel)             in language  on input line 466.
 [33]
Package babel Info: Redefining russian shorthand "|
(babel)             in language  on input line 489.
Package babel Info: Redefining russian shorthand "~
(babel)             in language  on input line 489.
Package babel Info: Redefining russian shorthand "|
(babel)             in language  on input line 489.
Package babel Info: Redefining russian shorthand "~
(babel)             in language  on input line 489.

[34]
Package babel Info: Redefining russian shorthand "|
(babel)             in language  on input line 538.
Package babel Info: Redefining russian shorthand "~
(babel)             in language  on input line 538.
Package babel Info: Redefining russian shorthand "|
(babel)             in language  on input line 538.
Package babel Info: Redefining russian shorthand "~
(babel)             in language  on input line 538.
 [35]
Package babel Info: Redefining russian shorthand "|
(babel)             in language  on input line 566.
Package babel Info: Redefining russian shorthand "~
(babel)             in language  on input line 566.
Package babel Info: Redefining russian shorthand "|
(babel)             in language  on input line 575.
Package babel Info: Redefining russian shorthand "~
(babel)             in language  on input line 575.
Package babel Info: Redefining russian shorthand "|
(babel)             in language  on input line 575.
Package babel Info: Redefining russian shorthand "~
(babel)             in language  on input line 575.
 [36]
Package babel Info: Redefining russian shorthand "|
(babel)             in language  on input line 602.
Package babel Info: Redefining russian shorthand "~
(babel)             in language  on input line 602.
Package babel Info: Redefining russian shorthand "|
(babel)             in language  on input line 602.
Package babel Info: Redefining russian shorthand "~
(babel)             in language  on input line 602.
 [37]
Package babel Info: Redefining russian shorthand "|
(babel)             in language  on input line 629.
Package babel Info: Redefining russian shorthand "~
(babel)             in language  on input line 629.
Package babel Info: Redefining russian shorthand "|
(babel)             in language  on input line 629.
Package babel Info: Redefining russian shorthand "~
(babel)             in language  on input line 629.
 [38]
Package babel Info: Redefining russian shorthand "|
(babel)             in language  on input line 658.
Package babel Info: Redefining russian shorthand "~
(babel)             in language  on input line 658.
Package babel Info: Redefining russian shorthand "|
(babel)             in language  on input line 672.
Package babel Info: Redefining russian shorthand "~
(babel)             in language  on input line 672.
Package babel Info: Redefining russian shorthand "|
(babel)             in language  on input line 672.
Package babel Info: Redefining russian shorthand "~
(babel)             in language  on input line 672.
 [39]
Package babel Info: Redefining russian shorthand "|
(babel)             in language  on input line 681.
Package babel Info: Redefining russian shorthand "~
(babel)             in language  on input line 681.
Package babel Info: Redefining russian shorthand "|
(babel)             in language  on input line 692.
Package babel Info: Redefining russian shorthand "~
(babel)             in language  on input line 692.
Package babel Info: Redefining russian shorthand "|
(babel)             in language  on input line 692.
Package babel Info: Redefining russian shorthand "~
(babel)             in language  on input line 692.
 [40])
Package babel Info: Redefining russian shorthand "|
(babel)             in language  on input line 7.
Package babel Info: Redefining russian shorthand "~
(babel)             in language  on input line 7.
Package babel Info: Redefining russian shorthand "|
(babel)             in language  on input line 7.
Package babel Info: Redefining russian shorthand "~
(babel)             in language  on input line 7.
 [41]
\openout2 = `sec_econ.aux'.

 (./sec_econ.tex
Package babel Info: Redefining russian shorthand "|
(babel)             in language  on input line 3.
Package babel Info: Redefining russian shorthand "~
(babel)             in language  on input line 3.
 ( FP-EVAL ( FP-UPN )
) ( FP-EVAL ( FP-UPN ) ) ( FP-EVAL ( FP-UPN ) ) ( FP-EVAL ( FP-UPN ) )
( FP-EVAL ( FP-UPN ( FP-ADD ) ( FP-CLIP ) ) ) ( FP-EVAL ( FP-UPN ) ) ( FP-EVAL
( FP-UPN ) ) ( FP-EVAL ( FP-UPN ( FP-MUL ) ( FP-MUL ) ( FP-MUL ) ( FP-CLIP ) )
) ( FP-ROUND ) ( FP-EVAL ( FP-UPN ) ) ( FP-EVAL ( FP-UPN ) ) ( FP-EVAL
( FP-UPN ) ) ( FP-EVAL ( FP-UPN ) ) ( FP-EVAL ( FP-UPN ( FP-SUB ) ( FP-SUB )
( FP-SUB ) ( FP-CLIP ) ) ) ( FP-EVAL ( FP-UPN ) ) ( FP-EVAL ( FP-UPN ) )
( FP-EVAL ( FP-UPN ( FP-DIV ) ( FP-CLIP ) ) ) ( FP-ROUND ) ( FP-EVAL ( FP-UPN
( FP-MUL ) ( FP-DIV ) ( FP-ADD ) ( FP-CLIP ) ) ) ( FP-TRUNC ) ( FP-EVAL
( FP-UPN ) ) ( FP-EVAL ( FP-UPN ) ) ( FP-EVAL ( FP-UPN ) ) ( FP-EVAL ( FP-UPN
) ) ( FP-EVAL ( FP-UPN ( FP-DIV ) ( FP-CLIP ) ) ) ( FP-EVAL ( FP-UPN ) )
( FP-EVAL ( FP-UPN ) ) ( FP-EVAL ( FP-UPN ) ) ( FP-EVAL ( FP-UPN ) ) ( FP-EVAL
( FP-UPN ( FP-MUL ) ( FP-DIV ) ) ) ( FP-EVAL ( FP-UPN ( FP-MUL ) ( FP-DIV ) )
) ( FP-EVAL ( FP-UPN ( FP-MUL ) ( FP-DIV ) ) ) ( FP-ROUND ) ( FP-ROUND )
( FP-ROUND ) ( FP-EVAL ( FP-UPN ) ) ( FP-EVAL ( FP-UPN ) ) ( FP-EVAL ( FP-UPN
( FP-MUL ) ( FP-MUL ) ( FP-MUL ) ( FP-ADD ) ( FP-MUL ) ) ) ( FP-ROUND )
( FP-EVAL ( FP-UPN ) ) ( FP-EVAL ( FP-UPN ( FP-MUL ) ( FP-DIV ) ( FP-CLIP ) )
) ( FP-ROUND ) ( FP-EVAL ( FP-UPN ) ) ( FP-EVAL ( FP-UPN ) ) ( FP-EVAL
( FP-UPN ( FP-ADD ) ( FP-CLIP ) ) ) ( FP-EVAL ( FP-UPN ( FP-ADD ) ( FP-MUL )
( FP-DIV ) ( FP-CLIP ) ) ) ( FP-ROUND ) ( FP-EVAL ( FP-UPN ) ) ( FP-EVAL
( FP-UPN ( FP-ADD ) ( FP-MUL ) ( FP-DIV ) ( FP-CLIP ) ) ) ( FP-ROUND )
( FP-EVAL ( FP-UPN ) ) ( FP-EVAL ( FP-UPN ( FP-MUL ) ( FP-DIV ) ( FP-CLIP ) )
) ( FP-EVAL ( FP-UPN ) ) ( FP-EVAL ( FP-UPN ) ) ( FP-EVAL ( FP-UPN ) )
( FP-EVAL ( FP-UPN ( FP-MUL ) ( FP-CLIP ) ) ) ( FP-EVAL ( FP-UPN ) ) ( FP-EVAL
( FP-UPN ( FP-MUL ) ( FP-DIV ) ( FP-MUL ) ( FP-CLIP ) ) ) ( FP-ROUND )
( FP-EVAL ( FP-UPN ) ) ( FP-EVAL ( FP-UPN ( FP-MUL ) ( FP-DIV ) ( FP-CLIP ) )
) ( FP-ROUND ) ( FP-EVAL ( FP-UPN ) ) ( FP-EVAL ( FP-UPN ( FP-MUL ) ( FP-DIV )
( FP-CLIP ) ) ) ( FP-ROUND ) ( FP-EVAL ( FP-UPN ) ) ( FP-EVAL ( FP-UPN
( FP-MUL ) ( FP-DIV ) ( FP-CLIP ) ) ) ( FP-ROUND ) ( FP-EVAL ( FP-UPN ( FP-ADD
) ( FP-ADD ) ( FP-ADD ) ( FP-ADD ) ( FP-ADD ) ( FP-ADD ) ( FP-ADD ) ( FP-ADD )
( FP-CLIP ) ) ) ( FP-EVAL ( FP-UPN ) ) ( FP-EVAL ( FP-UPN ( FP-MUL ) ( FP-DIV
) ( FP-CLIP ) ) ) ( FP-ROUND ) ( FP-EVAL ( FP-UPN ( FP-ADD ) ( FP-CLIP ) ) )
( FP-EVAL ( FP-UPN ) ) ( FP-EVAL ( FP-UPN ( FP-DIV ) ( FP-MUL ) ( FP-CLIP ) )
) ( FP-ROUND ) ( FP-EVAL ( FP-UPN ( FP-ADD ) ( FP-CLIP ) ) ) ( FP-EVAL
( FP-UPN ) ) ( FP-EVAL ( FP-UPN ( FP-MUL ) ( FP-SUB ) ( FP-DIV ) ( FP-CLIP ) )
) ( FP-ROUND ) ( FP-EVAL ( FP-UPN ) ) ( FP-EVAL ( FP-UPN ( FP-ADD ) ( FP-DIV )
( FP-MUL ) ( FP-CLIP ) ) ) ( FP-ROUND ) ( FP-EVAL ( FP-UPN ( FP-ADD ) ( FP-ADD
) ( FP-CLIP ) ) ) ( FP-EVAL ( FP-UPN ) ) ( FP-EVAL ( FP-UPN ( FP-DIV )
( FP-SUB ) ( FP-MUL ) ( FP-CLIP ) ) ) ( FP-ROUND ) ( FP-EVAL ( FP-UPN ) )
( FP-EVAL ( FP-UPN ( FP-ADD ) ( FP-ADD ) ( FP-CLIP ) ) ) ( FP-EVAL ( FP-UPN )
) ( FP-EVAL ( FP-UPN ) ) ( FP-EVAL ( FP-UPN ) ) ( FP-EVAL ( FP-UPN ) )
( FP-EVAL ( FP-UPN ) ) ( FP-EVAL ( FP-UPN ) ) ( FP-EVAL ( FP-UPN ) ) ( FP-EVAL
( FP-UPN ) ) ( FP-EVAL ( FP-UPN ) ) ( FP-EVAL ( FP-UPN ) ) ( FP-EVAL ( FP-UPN
) ) ( FP-EVAL ( FP-UPN ) ) ( FP-EVAL ( FP-UPN ) ) ( FP-EVAL ( FP-UPN ) )
( FP-EVAL ( FP-UPN ( FP-ADD ) ( FP-CLIP ) ) ) ( FP-EVAL ( FP-UPN ( FP-MUL )
( FP-DIV ) ( FP-SUB ) ( FP-CLIP ) ) ) ( FP-ROUND ) ( FP-EVAL ( FP-UPN ) )
( FP-EVAL ( FP-UPN ) ) ( FP-EVAL ( FP-UPN ) ) ( FP-EVAL ( FP-UPN ) ) ( FP-EVAL
( FP-UPN ( FP-MUL ) ( FP-CLIP ) ) ) ( FP-ROUND ) ( FP-EVAL ( FP-UPN ( FP-SUB )
( FP-ADD ) ( FP-CLIP ) ) ) ( FP-ROUND ) ( FP-EVAL ( FP-UPN ( FP-MUL )
( FP-CLIP ) ) ) ( FP-ROUND ) ( FP-EVAL ( FP-UPN ( FP-ADD ) ( FP-CLIP ) ) )
( FP-ROUND ) ( FP-EVAL ( FP-UPN ( FP-MUL ) ( FP-CLIP ) ) ) ( FP-ROUND )
( FP-EVAL ( FP-UPN ( FP-ADD ) ( FP-CLIP ) ) ) ( FP-ROUND )
Package babel Info: Redefining russian shorthand "|
(babel)             in language  on input line 172.
Package babel Info: Redefining russian shorthand "~
(babel)             in language  on input line 172.

Overfull \hbox (3.12245pt too wide) in paragraph at lines 174--175
[]\T2A/ftm/m/n/14.4  - -- -- --- -- 
--- -
 []


Overfull \hbox (3.95775pt too wide) in paragraph at lines 174--175
\T2A/ftm/m/n/14.4 -, ----- ---- -- --
 --- --
 []

Package babel Info: Redefining russian shorthand "|
(babel)             in language  on input line 178.
Package babel Info: Redefining russian shorthand "~
(babel)             in language  on input line 178.

Overfull \hbox (0.94812pt too wide) in paragraph at lines 180--181
\T2A/ftm/m/n/14.4 ---,  ---- .  ---
- --- -
 []


Overfull \hbox (3.05002pt too wide) in alignment at lines 189--195
 [] [] [] [] 
 []


Overfull \hbox (3.05002pt too wide) in alignment at lines 195--202
 [] [] [] [] 
 []


Overfull \hbox (3.05002pt too wide) in alignment at lines 202--234
 [] [] [] [] 
 []


Underfull \vbox (badness 10000) detected at line 234
 []

Package babel Info: Redefining russian shorthand "|
(babel)             in language  on input line 234.
Package babel Info: Redefining russian shorthand "~
(babel)             in language  on input line 234.
Package babel Info: Redefining russian shorthand "|
(babel)             in language  on input line 234.
Package babel Info: Redefining russian shorthand "~
(babel)             in language  on input line 234.
[42



]
Package babel Info: Redefining russian shorthand "|
(babel)             in language  on input line 237.
Package babel Info: Redefining russian shorthand "~
(babel)             in language  on input line 237.
Package babel Info: Redefining russian shorthand "|
(babel)             in language  on input line 237.
Package babel Info: Redefining russian shorthand "~
(babel)             in language  on input line 237.
 [43]
Underfull \vbox (badness 10000) detected at line 280
 []


Overfull \hbox (2.736pt too wide) in paragraph at lines 286--292
 [] 
 []


Overfull \hbox (2.736pt too wide) in paragraph at lines 295--301
 [] 
 []

Package babel Info: Redefining russian shorthand "|
(babel)             in language  on input line 301.
Package babel Info: Redefining russian shorthand "~
(babel)             in language  on input line 301.
Package babel Info: Redefining russian shorthand "|
(babel)             in language  on input line 301.
Package babel Info: Redefining russian shorthand "~
(babel)             in language  on input line 301.
[44]
Overfull \hbox (2.736pt too wide) in paragraph at lines 305--315
 [] 
 []


Overfull \hbox (2.736pt too wide) in paragraph at lines 327--334
 [] 
 []

Package babel Info: Redefining russian shorthand "|
(babel)             in language  on input line 338.
Package babel Info: Redefining russian shorthand "~
(babel)             in language  on input line 338.
Package babel Info: Redefining russian shorthand "|
(babel)             in language  on input line 338.
Package babel Info: Redefining russian shorthand "~
(babel)             in language  on input line 338.
[45]
Overfull \hbox (2.736pt too wide) in paragraph at lines 341--348
 [] 
 []


Overfull \hbox (2.736pt too wide) in paragraph at lines 355--363
 [] 
 []


Overfull \hbox (0.8329pt too wide) in paragraph at lines 355--363
\T2A/ftm/m/n/14.4 -- -, ---  ---- -
--  ---
 []

Package babel Info: Redefining russian shorthand "|
(babel)             in language  on input line 399.
Package babel Info: Redefining russian shorthand "~
(babel)             in language  on input line 399.
Package babel Info: Redefining russian shorthand "|
(babel)             in language  on input line 399.
Package babel Info: Redefining russian shorthand "~
(babel)             in language  on input line 399.
[46]
Overfull \hbox (2.736pt too wide) in paragraph at lines 407--414
 [] 
 []


Overfull \hbox (2.736pt too wide) in paragraph at lines 427--435
 [] 
 []

Package babel Info: Redefining russian shorthand "|
(babel)             in language  on input line 438.
Package babel Info: Redefining russian shorthand "~
(babel)             in language  on input line 438.
Package babel Info: Redefining russian shorthand "|
(babel)             in language  on input line 438.
Package babel Info: Redefining russian shorthand "~
(babel)             in language  on input line 438.
[47]
Overfull \hbox (2.736pt too wide) in paragraph at lines 443--448
 [] 
 []


Overfull \hbox (2.736pt too wide) in paragraph at lines 477--482
 [] 
 []

Package babel Info: Redefining russian shorthand "|
(babel)             in language  on input line 501.
Package babel Info: Redefining russian shorthand "~
(babel)             in language  on input line 501.
Package babel Info: Redefining russian shorthand "|
(babel)             in language  on input line 501.
Package babel Info: Redefining russian shorthand "~
(babel)             in language  on input line 501.
[48]
Overfull \hbox (2.736pt too wide) in paragraph at lines 511--519
 [] 
 []


Overfull \hbox (2.736pt too wide) in paragraph at lines 535--540
 [] 
 []

Package babel Info: Redefining russian shorthand "|
(babel)             in language  on input line 553.
Package babel Info: Redefining russian shorthand "~
(babel)             in language  on input line 553.
Package babel Info: Redefining russian shorthand "|
(babel)             in language  on input line 553.
Package babel Info: Redefining russian shorthand "~
(babel)             in language  on input line 553.
[49]
Overfull \hbox (2.736pt too wide) in paragraph at lines 553--558
 [] 
 []


Overfull \hbox (2.736pt too wide) in paragraph at lines 571--576
 [] 
 []


Overfull \hbox (2.736pt too wide) in paragraph at lines 610--615
 [] 
 []

Package babel Info: Redefining russian shorthand "|
(babel)             in language  on input line 619.
Package babel Info: Redefining russian shorthand "~
(babel)             in language  on input line 619.
Package babel Info: Redefining russian shorthand "|
(babel)             in language  on input line 619.
Package babel Info: Redefining russian shorthand "~
(babel)             in language  on input line 619.
[50]
Overfull \hbox (2.736pt too wide) in paragraph at lines 639--645
 [] 
 []


Overfull \hbox (3.2522pt too wide) in paragraph at lines 639--645
\T2A/ftm/m/n/14.4 -- -- -  -- ([]4.21[]) --
- ----- -
 []


Overfull \hbox (2.736pt too wide) in paragraph at lines 670--675
 [] 
 []

Package babel Info: Redefining russian shorthand "|
(babel)             in language  on input line 680.
Package babel Info: Redefining russian shorthand "~
(babel)             in language  on input line 680.
Package babel Info: Redefining russian shorthand "|
(babel)             in language  on input line 680.
Package babel Info: Redefining russian shorthand "~
(babel)             in language  on input line 680.
[51]
Overfull \hbox (2.736pt too wide) in paragraph at lines 689--694
 [] 
 []


Overfull \hbox (17.56573pt too wide) in paragraph at lines 701--702
[]\T2A/ftm/m/n/14.4  ----- -- - ---
-  -- []4.25[]: 
 []


Overfull \hbox (2.736pt too wide) in paragraph at lines 719--724
 [] 
 []


Underfull \vbox (badness 10000) detected at line 782
 []

Package babel Info: Redefining russian shorthand "|
(babel)             in language  on input line 782.
Package babel Info: Redefining russian shorthand "~
(babel)             in language  on input line 782.
Package babel Info: Redefining russian shorthand "|
(babel)             in language  on input line 782.
Package babel Info: Redefining russian shorthand "~
(babel)             in language  on input line 782.
[52]
Package babel Info: Redefining russian shorthand "|
(babel)             in language  on input line 785.
Package babel Info: Redefining russian shorthand "~
(babel)             in language  on input line 785.

Overfull \hbox (23.47496pt too wide) in paragraph at lines 798--799
[]|[]|  
 []


Overfull \hbox (2.28326pt too wide) in paragraph at lines 800--800
 \T2A/ftm/m/n/14.4 | 
 []


Overfull \hbox (23.47496pt too wide) in paragraph at lines 810--811
[]|[]|  
 []


Overfull \hbox (2.28326pt too wide) in paragraph at lines 812--812
 \T2A/ftm/m/n/14.4 | 
 []


Underfull \vbox (badness 10000) detected at line 840
 []

Package babel Info: Redefining russian shorthand "|
(babel)             in language  on input line 840.
Package babel Info: Redefining russian shorthand "~
(babel)             in language  on input line 840.
Package babel Info: Redefining russian shorthand "|
(babel)             in language  on input line 840.
Package babel Info: Redefining russian shorthand "~
(babel)             in language  on input line 840.
[53]
Package babel Info: Redefining russian shorthand "|
(babel)             in language  on input line 840.
Package babel Info: Redefining russian shorthand "~
(babel)             in language  on input line 840.
Package babel Info: Redefining russian shorthand "|
(babel)             in language  on input line 840.
Package babel Info: Redefining russian shorthand "~
(babel)             in language  on input line 840.
 [54]
Overfull \hbox (2.736pt too wide) in paragraph at lines 867--872
 [] 
 []


Underfull \vbox (badness 10000) detected at line 912
 []

Package babel Info: Redefining russian shorthand "|
(babel)             in language  on input line 912.
Package babel Info: Redefining russian shorthand "~
(babel)             in language  on input line 912.
Package babel Info: Redefining russian shorthand "|
(babel)             in language  on input line 912.
Package babel Info: Redefining russian shorthand "~
(babel)             in language  on input line 912.
[55]
Package babel Info: Redefining russian shorthand "|
(babel)             in language  on input line 916.
Package babel Info: Redefining russian shorthand "~
(babel)             in language  on input line 916.
Package babel Info: Redefining russian shorthand "|
(babel)             in language  on input line 937.
Package babel Info: Redefining russian shorthand "~
(babel)             in language  on input line 937.
Package babel Info: Redefining russian shorthand "|
(babel)             in language  on input line 937.
Package babel Info: Redefining russian shorthand "~
(babel)             in language  on input line 937.
 [56]
Overfull \hbox (2.47206pt too wide) in paragraph at lines 983--983
[]|\T2A/ftm/m/n/14.4  
 []


Overfull \hbox (1.14041pt too wide) in paragraph at lines 985--985
 []|[]| 
 []


Overfull \hbox (1.14041pt too wide) in paragraph at lines 987--987
 []|[]| 
 []


Underfull \vbox (badness 10000) detected at line 991
 []

Package babel Info: Redefining russian shorthand "|
(babel)             in language  on input line 991.
Package babel Info: Redefining russian shorthand "~
(babel)             in language  on input line 991.
Package babel Info: Redefining russian shorthand "|
(babel)             in language  on input line 991.
Package babel Info: Redefining russian shorthand "~
(babel)             in language  on input line 991.
[57]
Package babel Info: Redefining russian shorthand "|
(babel)             in language  on input line 993.
Package babel Info: Redefining russian shorthand "~
(babel)             in language  on input line 993.
)
Package babel Info: Redefining russian shorthand "|
(babel)             in language  on input line 9.
Package babel Info: Redefining russian shorthand "~
(babel)             in language  on input line 9.
Package babel Info: Redefining russian shorthand "|
(babel)             in language  on input line 9.
Package babel Info: Redefining russian shorthand "~
(babel)             in language  on input line 9.
 [58]
\openout2 = `sec_final.aux'.

 (./sec_final.tex
Package babel Info: Redefining russian shorthand "|
(babel)             in language  on input line 2.
Package babel Info: Redefining russian shorthand "~
(babel)             in language  on input line 2.

Overfull \hbox (7.1969pt too wide) in paragraph at lines 4--7
[]\T2A/ftm/m/n/14.4  - -- --  -- - 
--- -
 []


Overfull \hbox (25.0539pt too wide) in paragraph at lines 4--7
\T2A/ftm/m/n/14.4 --- -- ---- --- 
----,  - -
 []

)
Package babel Info: Redefining russian shorthand "|
(babel)             in language  on input line 11.
Package babel Info: Redefining russian shorthand "~
(babel)             in language  on input line 11.
Package babel Info: Redefining russian shorthand "|
(babel)             in language  on input line 11.
Package babel Info: Redefining russian shorthand "~
(babel)             in language  on input line 11.
 [59



]) (./references.tex
Package babel Info: Redefining russian shorthand "|
(babel)             in language  on input line 5.
Package babel Info: Redefining russian shorthand "~
(babel)             in language  on input line 5.
 (./diploma_report.bbl))

AED: lastpage setting LastPage
Package babel Info: Redefining russian shorthand "|
(babel)             in language  on input line 32.
Package babel Info: Redefining russian shorthand "~
(babel)             in language  on input line 32.
Package babel Info: Redefining russian shorthand "|
(babel)             in language  on input line 32.
Package babel Info: Redefining russian shorthand "~
(babel)             in language  on input line 32.
[60


]
Package babel Info: Redefining russian shorthand "|
(babel)             in language  on input line 32.
Package babel Info: Redefining russian shorthand "~
(babel)             in language  on input line 32.
Package atveryend Info: Empty hook `BeforeClearDocument' on input line 32.
Package atveryend Info: Empty hook `AfterLastShipout' on input line 32.
 (./diploma_report.aux (./sec_intro.aux) (./sec_domain.aux) (./sec_tech.aux) (.
/sec_arch_and_mod.aux) (./sec_econ.aux) (./sec_final.aux))
Package atveryend Info: Executing hook `AtVeryEndDocument' on input line 32.
Package atveryend Info: Executing hook `AtEndAfterFileList' on input line 32.
Package rerunfilecheck Info: File `diploma_report.out' has not changed.
(rerunfilecheck)             Checksum: 690F6BDB50B51E7003973468D39597FC;5907.


LaTeX Font Warning: Some font shapes were not available, defaults substituted.


LaTeX Warning: There were multiply-defined labels.

Package atveryend Info: Empty hook `AtVeryVeryEnd' on input line 32.
 ) 
Here is how much of TeX's memory you used:
 19445 strings out of 493085
 270897 string characters out of 6136917
 459950 words of memory out of 5000000
 21944 multiletter control sequences out of 15000+600000
 39231 words of font info for 98 fonts, out of 8000000 for 9000
 1141 hyphenation exceptions out of 8191
 40i,15n,62p,3056b,2188s stack positions out of 5000i,500n,10000p,200000b,80000s
pdfTeX warning (dest): name{section*.7} has been referenced but does not exis
t, replaced by a fixed one

pdfTeX warning (dest): name{section*.3} has been referenced but does not exist,
 replaced by a fixed one

{/usr/share/texmf/fonts/enc/dvips/cm-super/cm-super-t2a.enc}{/usr/share/texmf/f
onts/enc/dvips/scalable-cyrfonts-tex/6r.enc}</usr/share/texlive/texmf-dist/font
s/type1/public/amsfonts/cm/cmex10.pfb></usr/share/texlive/texmf-dist/fonts/type
1/public/amsfonts/cm/cmmi10.pfb></usr/share/texlive/texmf-dist/fonts/type1/publ
ic/amsfonts/cm/cmmi12.pfb></usr/share/texlive/texmf-dist/fonts/type1/public/ams
fonts/cm/cmr10.pfb></usr/share/texlive/texmf-dist/fonts/type1/public/amsfonts/c
m/cmr12.pfb></usr/share/texlive/texmf-dist/fonts/type1/public/amsfonts/cm/cmr7.
pfb></usr/share/texlive/texmf-dist/fonts/type1/public/amsfonts/cm/cmsy10.pfb></
usr/share/texmf/fonts/type1/public/scalable-cyrfonts-tex/ftmb6w.pfb></usr/share
/texmf/fonts/type1/public/scalable-cyrfonts-tex/ftmr6w.pfb></usr/share/texmf/fo
nts/type1/public/scalable-cyrfonts-tex/ftmri6w.pfb></usr/share/texmf/fonts/type
1/public/cm-super/sftt1000.pfb></usr/share/texmf/fonts/type1/public/cm-super/sf
tt1200.pfb>
Output written on diploma_report.pdf (59 pages, 845745 bytes).
PDF statistics:
 1018 PDF objects out of 1200 (max. 8388607)
 923 compressed objects within 10 object streams
 469 named destinations out of 1000 (max. 500000)
 232 words of extra memory for PDF output out of 10000 (max. 10000000)

